This is pdfTeX, Version 3.14159265-2.6-1.40.16 (TeX Live 2015) (preloaded format=pdflatex 2016.2.2)  30 JUN 2017 17:06
entering extended mode
 restricted \write18 enabled.
 %&-line parsing enabled.
**thesis.tex
(./thesis.tex
LaTeX2e <2016/02/01>
Babel <3.9n> and hyphenation patterns for 79 languages loaded.
(./Thesis.cls
Document Class: Thesis 2007/22/02 v1.0 LaTeX document class
(/usr/local/texlive/2015/texmf-dist/tex/latex/base/book.cls
Document Class: book 2014/09/29 v1.4h Standard LaTeX document class
(/usr/local/texlive/2015/texmf-dist/tex/latex/base/bk11.clo
File: bk11.clo 2014/09/29 v1.4h Standard LaTeX file (size option)
)
moo
baa
yaaaa
\c@part=\count79
\c@chapter=\count80
\c@section=\count81
\c@subsection=\count82
\c@subsubsection=\count83
\c@paragraph=\count84
\c@subparagraph=\count85
\c@figure=\count86
\c@table=\count87
\abovecaptionskip=\skip41
\belowcaptionskip=\skip42
\bibindent=\dimen102
)
(/usr/local/texlive/2015/texmf-dist/tex/latex/setspace/setspace.sty
Package: setspace 2011/12/19 v6.7a set line spacing
)
(/usr/local/texlive/2015/texmf-dist/tex/latex/vmargin/vmargin.sty
Package: vmargin 2004/07/15 V2.5 set document margins (VK)

Package: vmargin 2004/07/15 V2.5 set document margins (VK)
\PaperWidth=\dimen103
\PaperHeight=\dimen104
) (/usr/local/texlive/2015/texmf-dist/tex/latex/fancyhdr/fancyhdr.sty
\fancy@headwidth=\skip43
\f@ncyO@elh=\skip44
\f@ncyO@erh=\skip45
\f@ncyO@olh=\skip46
\f@ncyO@orh=\skip47
\f@ncyO@elf=\skip48
\f@ncyO@erf=\skip49
\f@ncyO@olf=\skip50
\f@ncyO@orf=\skip51
)
(/usr/local/texlive/2015/texmf-dist/tex/latex/amsmath/amsmath.sty
Package: amsmath 2013/01/14 v2.14 AMS math features
\@mathmargin=\skip52

For additional information on amsmath, use the `?' option.
(/usr/local/texlive/2015/texmf-dist/tex/latex/amsmath/amstext.sty
Package: amstext 2000/06/29 v2.01

(/usr/local/texlive/2015/texmf-dist/tex/latex/amsmath/amsgen.sty
File: amsgen.sty 1999/11/30 v2.0
\@emptytoks=\toks14
\ex@=\dimen105
))
(/usr/local/texlive/2015/texmf-dist/tex/latex/amsmath/amsbsy.sty
Package: amsbsy 1999/11/29 v1.2d
\pmbraise@=\dimen106
)
(/usr/local/texlive/2015/texmf-dist/tex/latex/amsmath/amsopn.sty
Package: amsopn 1999/12/14 v2.01 operator names
)
\inf@bad=\count88
LaTeX Info: Redefining \frac on input line 210.
\uproot@=\count89
\leftroot@=\count90
LaTeX Info: Redefining \overline on input line 306.
\classnum@=\count91
\DOTSCASE@=\count92
LaTeX Info: Redefining \ldots on input line 378.
LaTeX Info: Redefining \dots on input line 381.
LaTeX Info: Redefining \cdots on input line 466.
\Mathstrutbox@=\box26
\strutbox@=\box27
\big@size=\dimen107
LaTeX Font Info:    Redeclaring font encoding OML on input line 566.
LaTeX Font Info:    Redeclaring font encoding OMS on input line 567.
\macc@depth=\count93
\c@MaxMatrixCols=\count94
\dotsspace@=\muskip10
\c@parentequation=\count95
\dspbrk@lvl=\count96
\tag@help=\toks15
\row@=\count97
\column@=\count98
\maxfields@=\count99
\andhelp@=\toks16
\eqnshift@=\dimen108
\alignsep@=\dimen109
\tagshift@=\dimen110
\tagwidth@=\dimen111
\totwidth@=\dimen112
\lineht@=\dimen113
\@envbody=\toks17
\multlinegap=\skip53
\multlinetaggap=\skip54
\mathdisplay@stack=\toks18
LaTeX Info: Redefining \[ on input line 2665.
LaTeX Info: Redefining \] on input line 2666.
)
(/usr/local/texlive/2015/texmf-dist/tex/latex/amsfonts/amsfonts.sty
Package: amsfonts 2013/01/14 v3.01 Basic AMSFonts support
\symAMSa=\mathgroup4
\symAMSb=\mathgroup5
LaTeX Font Info:    Overwriting math alphabet `\mathfrak' in version `bold'
(Font)                  U/euf/m/n --> U/euf/b/n on input line 106.
)
(/usr/local/texlive/2015/texmf-dist/tex/latex/amsfonts/amssymb.sty
Package: amssymb 2013/01/14 v3.01 AMS font symbols
)
(/usr/local/texlive/2015/texmf-dist/tex/latex/amsmath/amscd.sty
Package: amscd 1999/11/29 v2.0
\athelp@=\toks19
\minaw@=\dimen114
\bigaw@=\dimen115
\minCDarrowwidth=\dimen116
)
(/usr/local/texlive/2015/texmf-dist/tex/latex/amscls/amsthm.sty
Package: amsthm 2015/03/04 v2.20.2
\thm@style=\toks20
\thm@bodyfont=\toks21
\thm@headfont=\toks22
\thm@notefont=\toks23
\thm@headpunct=\toks24
\thm@preskip=\skip55
\thm@postskip=\skip56
\thm@headsep=\skip57
\dth@everypar=\toks25
)
(/usr/local/texlive/2015/texmf-dist/tex/latex/tools/xspace.sty
Package: xspace 2014/10/28 v1.13 Space after command names (DPC,MH)
)
\c@example=\count100
\c@theorem=\count101

(/usr/local/texlive/2015/texmf-dist/tex/latex/caption/caption.sty
Package: caption 2015/09/17 v3.3-111 Customizing captions (AR)

(/usr/local/texlive/2015/texmf-dist/tex/latex/caption/caption3.sty
Package: caption3 2015/09/20 v1.7-115 caption3 kernel (AR)
Package caption3 Info: TeX engine: e-TeX on input line 57.

(/usr/local/texlive/2015/texmf-dist/tex/latex/graphics/keyval.sty
Package: keyval 2014/10/28 v1.15 key=value parser (DPC)
\KV@toks@=\toks26
)
\captionmargin=\dimen117
\captionmargin@=\dimen118
\captionwidth=\dimen119
\caption@tempdima=\dimen120
\caption@indent=\dimen121
\caption@parindent=\dimen122
\caption@hangindent=\dimen123
)
\c@ContinuedFloat=\count102
)
(/usr/local/texlive/2015/texmf-dist/tex/latex/graphics/graphicx.sty
Package: graphicx 2014/10/28 v1.0g Enhanced LaTeX Graphics (DPC,SPQR)

(/usr/local/texlive/2015/texmf-dist/tex/latex/graphics/graphics.sty
Package: graphics 2016/01/03 v1.0q Standard LaTeX Graphics (DPC,SPQR)

(/usr/local/texlive/2015/texmf-dist/tex/latex/graphics/trig.sty
Package: trig 2016/01/03 v1.10 sin cos tan (DPC)
)
(/usr/local/texlive/2015/texmf-dist/tex/latex/latexconfig/graphics.cfg
File: graphics.cfg 2010/04/23 v1.9 graphics configuration of TeX Live
)
Package graphics Info: Driver file: pdftex.def on input line 95.

(/usr/local/texlive/2015/texmf-dist/tex/latex/pdftex-def/pdftex.def
File: pdftex.def 2011/05/27 v0.06d Graphics/color for pdfTeX

(/usr/local/texlive/2015/texmf-dist/tex/generic/oberdiek/infwarerr.sty
Package: infwarerr 2010/04/08 v1.3 Providing info/warning/error messages (HO)
)
(/usr/local/texlive/2015/texmf-dist/tex/generic/oberdiek/ltxcmds.sty
Package: ltxcmds 2011/11/09 v1.22 LaTeX kernel commands for general use (HO)
)
\Gread@gobject=\count103
))
\Gin@req@height=\dimen124
\Gin@req@width=\dimen125
)
(/usr/local/texlive/2015/texmf-dist/tex/latex/oberdiek/epstopdf.sty
Package: epstopdf 2010/02/09 v2.5 Conversion with epstopdf on the fly (HO)

(/usr/local/texlive/2015/texmf-dist/tex/latex/oberdiek/epstopdf-base.sty
Package: epstopdf-base 2010/02/09 v2.5 Base part for package epstopdf

(/usr/local/texlive/2015/texmf-dist/tex/latex/oberdiek/grfext.sty
Package: grfext 2010/08/19 v1.1 Manage graphics extensions (HO)

(/usr/local/texlive/2015/texmf-dist/tex/generic/oberdiek/kvdefinekeys.sty
Package: kvdefinekeys 2011/04/07 v1.3 Define keys (HO)
))
(/usr/local/texlive/2015/texmf-dist/tex/latex/oberdiek/kvoptions.sty
Package: kvoptions 2011/06/30 v3.11 Key value format for package options (HO)

(/usr/local/texlive/2015/texmf-dist/tex/generic/oberdiek/kvsetkeys.sty
Package: kvsetkeys 2012/04/25 v1.16 Key value parser (HO)

(/usr/local/texlive/2015/texmf-dist/tex/generic/oberdiek/etexcmds.sty
Package: etexcmds 2011/02/16 v1.5 Avoid name clashes with e-TeX commands (HO)

(/usr/local/texlive/2015/texmf-dist/tex/generic/oberdiek/ifluatex.sty
Package: ifluatex 2010/03/01 v1.3 Provides the ifluatex switch (HO)
Package ifluatex Info: LuaTeX not detected.
)
Package etexcmds Info: Could not find \expanded.
(etexcmds)             That can mean that you are not using pdfTeX 1.50 or
(etexcmds)             that some package has redefined \expanded.
(etexcmds)             In the latter case, load this package earlier.
)))
(/usr/local/texlive/2015/texmf-dist/tex/generic/oberdiek/pdftexcmds.sty
Package: pdftexcmds 2011/11/29 v0.20 Utility functions of pdfTeX for LuaTeX (HO
)

(/usr/local/texlive/2015/texmf-dist/tex/generic/oberdiek/ifpdf.sty
Package: ifpdf 2011/01/30 v2.3 Provides the ifpdf switch (HO)
Package ifpdf Info: pdfTeX in PDF mode is detected.
)
Package pdftexcmds Info: LuaTeX not detected.
Package pdftexcmds Info: \pdf@primitive is available.
Package pdftexcmds Info: \pdf@ifprimitive is available.
Package pdftexcmds Info: \pdfdraftmode found.
)
Package grfext Info: Graphics extension search list:
(grfext)             [.png,.pdf,.jpg,.mps,.jpeg,.jbig2,.jb2,.PNG,.PDF,.JPG,.JPE
G,.JBIG2,.JB2,.eps]
(grfext)             \AppendGraphicsExtensions on input line 452.

(/usr/local/texlive/2015/texmf-dist/tex/latex/latexconfig/epstopdf-sys.cfg
File: epstopdf-sys.cfg 2010/07/13 v1.3 Configuration of (r)epstopdf for TeX Liv
e
)))
(/usr/local/texlive/2015/texmf-dist/tex/latex/subfigure/subfigure.sty
Package: subfigure 2002/03/15 v2.1.5 subfigure package
\subfigtopskip=\skip58
\subfigcapskip=\skip59
\subfigcaptopadj=\dimen126
\subfigbottomskip=\skip60
\subfigcapmargin=\dimen127
\subfiglabelskip=\skip61
\c@subfigure=\count104
\c@lofdepth=\count105
\c@subtable=\count106
\c@lotdepth=\count107

****************************************
* Local config file subfigure.cfg used *
****************************************
(/usr/local/texlive/2015/texmf-dist/tex/latex/subfigure/subfigure.cfg)
\subfig@top=\skip62
\subfig@bottom=\skip63
)
(/usr/local/texlive/2015/texmf-dist/tex/latex/booktabs/booktabs.sty
Package: booktabs 2005/04/14 v1.61803 publication quality tables
\heavyrulewidth=\dimen128
\lightrulewidth=\dimen129
\cmidrulewidth=\dimen130
\belowrulesep=\dimen131
\belowbottomsep=\dimen132
\aboverulesep=\dimen133
\abovetopsep=\dimen134
\cmidrulesep=\dimen135
\cmidrulekern=\dimen136
\defaultaddspace=\dimen137
\@cmidla=\count108
\@cmidlb=\count109
\@aboverulesep=\dimen138
\@belowrulesep=\dimen139
\@thisruleclass=\count110
\@lastruleclass=\count111
\@thisrulewidth=\dimen140
)
(/usr/local/texlive/2015/texmf-dist/tex/latex/rotating/rotating.sty
Package: rotating 2009/03/28 v2.16a rotated objects in LaTeX

(/usr/local/texlive/2015/texmf-dist/tex/latex/base/ifthen.sty
Package: ifthen 2014/09/29 v1.1c Standard LaTeX ifthen package (DPC)
)
\c@r@tfl@t=\count112
\rotFPtop=\skip64
\rotFPbot=\skip65
\rot@float@box=\box28
\rot@mess@toks=\toks27
)
(/usr/local/texlive/2015/texmf-dist/tex/latex/listings/listings.sty
\lst@mode=\count113
\lst@gtempboxa=\box29
\lst@token=\toks28
\lst@length=\count114
\lst@currlwidth=\dimen141
\lst@column=\count115
\lst@pos=\count116
\lst@lostspace=\dimen142
\lst@width=\dimen143
\lst@newlines=\count117
\lst@lineno=\count118
\lst@maxwidth=\dimen144

(./lstpatch.sty

***
*** This is a patch for listings 1.3, but you're using
*** version 1.6.
***
*** Patch file not loaded.
***

) (/usr/local/texlive/2015/texmf-dist/tex/latex/listings/lstmisc.sty
File: lstmisc.sty 2015/06/04 1.6 (Carsten Heinz)
\c@lstnumber=\count119
\lst@skipnumbers=\count120
\lst@framebox=\box30
)
(/usr/local/texlive/2015/texmf-dist/tex/latex/listings/listings.cfg
File: listings.cfg 2015/06/04 1.6 listings configuration
))
Package: listings 2015/06/04 1.6 (Carsten Heinz)

(./lstpatch.sty

***
*** This is a patch for listings 1.3, but you're using
*** version 1.6.
***
 *** Patch file not loaded.
***

) (/usr/local/texlive/2015/texmf-dist/tex/latex/hyperref/hyperref.sty
Package: hyperref 2012/11/06 v6.83m Hypertext links for LaTeX

(/usr/local/texlive/2015/texmf-dist/tex/generic/oberdiek/hobsub-hyperref.sty
Package: hobsub-hyperref 2012/05/28 v1.13 Bundle oberdiek, subset hyperref (HO)


(/usr/local/texlive/2015/texmf-dist/tex/generic/oberdiek/hobsub-generic.sty
Package: hobsub-generic 2012/05/28 v1.13 Bundle oberdiek, subset generic (HO)
Package: hobsub 2012/05/28 v1.13 Construct package bundles (HO)
Package hobsub Info: Skipping package `infwarerr' (already loaded).
Package hobsub Info: Skipping package `ltxcmds' (already loaded).
Package hobsub Info: Skipping package `ifluatex' (already loaded).
Package: ifvtex 2010/03/01 v1.5 Detect VTeX and its facilities (HO)
Package ifvtex Info: VTeX not detected.
Package: intcalc 2007/09/27 v1.1 Expandable calculations with integers (HO)
Package hobsub Info: Skipping package `ifpdf' (already loaded).
Package hobsub Info: Skipping package `etexcmds' (already loaded).
Package hobsub Info: Skipping package `kvsetkeys' (already loaded).
Package hobsub Info: Skipping package `kvdefinekeys' (already loaded).
Package hobsub Info: Skipping package `pdftexcmds' (already loaded).
Package: pdfescape 2011/11/25 v1.13 Implements pdfTeX's escape features (HO)
Package: bigintcalc 2012/04/08 v1.3 Expandable calculations on big integers (HO
)
Package: bitset 2011/01/30 v1.1 Handle bit-vector datatype (HO)
Package: uniquecounter 2011/01/30 v1.2 Provide unlimited unique counter (HO)
)
Package hobsub Info: Skipping package `hobsub' (already loaded).
Package: letltxmacro 2010/09/02 v1.4 Let assignment for LaTeX macros (HO)
Package: hopatch 2012/05/28 v1.2 Wrapper for package hooks (HO)
Package: xcolor-patch 2011/01/30 xcolor patch
Package: atveryend 2011/06/30 v1.8 Hooks at the very end of document (HO)
Package atveryend Info: \enddocument detected (standard20110627).
Package: atbegshi 2011/10/05 v1.16 At begin shipout hook (HO)
Package: refcount 2011/10/16 v3.4 Data extraction from label references (HO)
Package: hycolor 2011/01/30 v1.7 Color options for hyperref/bookmark (HO)
)
(/usr/local/texlive/2015/texmf-dist/tex/generic/ifxetex/ifxetex.sty
Package: ifxetex 2010/09/12 v0.6 Provides ifxetex conditional
)
(/usr/local/texlive/2015/texmf-dist/tex/latex/oberdiek/auxhook.sty
Package: auxhook 2011/03/04 v1.3 Hooks for auxiliary files (HO)
)
\@linkdim=\dimen145
\Hy@linkcounter=\count121
\Hy@pagecounter=\count122

(/usr/local/texlive/2015/texmf-dist/tex/latex/hyperref/pd1enc.def
File: pd1enc.def 2012/11/06 v6.83m Hyperref: PDFDocEncoding definition (HO)
)
\Hy@SavedSpaceFactor=\count123

(/usr/local/texlive/2015/texmf-dist/tex/latex/latexconfig/hyperref.cfg
File: hyperref.cfg 2002/06/06 v1.2 hyperref configuration of TeXLive
)
Package hyperref Info: Option `bookmarks' set `true' on input line 4319.
Package hyperref Info: Option `bookmarksopen' set `true' on input line 4319.
Package hyperref Info: Option `bookmarksnumbered' set `true' on input line 4319
.
Package hyperref Info: Option `hypertexnames' set `false' on input line 4319.
Package hyperref Info: Option `colorlinks' set `true' on input line 4319.
Package hyperref Info: Option `unicode' set `true' on input line 4319.

(/usr/local/texlive/2015/texmf-dist/tex/latex/hyperref/puenc.def
File: puenc.def 2012/11/06 v6.83m Hyperref: PDF Unicode definition (HO)
)
Package hyperref Info: Option `breaklinks' set `true' on input line 4319.
Package hyperref Info: Hyper figures OFF on input line 4443.
Package hyperref Info: Link nesting OFF on input line 4448.
Package hyperref Info: Hyper index ON on input line 4451.
Package hyperref Info: Plain pages OFF on input line 4458.
Package hyperref Info: Backreferencing OFF on input line 4463.
Package hyperref Info: Implicit mode ON; LaTeX internals redefined.
Package hyperref Info: Bookmarks ON on input line 4688.
\c@Hy@tempcnt=\count124

(/usr/local/texlive/2015/texmf-dist/tex/latex/url/url.sty
\Urlmuskip=\muskip11
Package: url 2013/09/16  ver 3.4  Verb mode for urls, etc.
)
LaTeX Info: Redefining \url on input line 5041.
\XeTeXLinkMargin=\dimen146
\Fld@menulength=\count125
\Field@Width=\dimen147
\Fld@charsize=\dimen148
Package hyperref Info: Hyper figures OFF on input line 6295.
Package hyperref Info: Link nesting OFF on input line 6300.
Package hyperref Info: Hyper index ON on input line 6303.
Package hyperref Info: backreferencing OFF on input line 6310.
Package hyperref Info: Link coloring ON on input line 6313.
Package hyperref Info: Link coloring with OCG OFF on input line 6320.
Package hyperref Info: PDF/A mode OFF on input line 6325.
LaTeX Info: Redefining \ref on input line 6365.
LaTeX Info: Redefining \pageref on input line 6369.
\Hy@abspage=\count126
\c@Item=\count127
\c@Hfootnote=\count128
)

Package hyperref Message: Driver (autodetected): hpdftex.

(/usr/local/texlive/2015/texmf-dist/tex/latex/hyperref/hpdftex.def
File: hpdftex.def 2012/11/06 v6.83m Hyperref driver for pdfTeX
\Fld@listcount=\count129
\c@bookmark@seq@number=\count130

(/usr/local/texlive/2015/texmf-dist/tex/latex/oberdiek/rerunfilecheck.sty
Package: rerunfilecheck 2011/04/15 v1.7 Rerun checks for auxiliary files (HO)
Package uniquecounter Info: New unique counter `rerunfilecheck' on input line 2
82.
)
\Hy@SectionHShift=\skip66
)
\c@dummy=\count131

(/usr/local/texlive/2015/texmf-dist/tex/latex/tools/longtable.sty
Package: longtable 2014/10/28 v4.11 Multi-page Table package (DPC)
\LTleft=\skip67
\LTright=\skip68
\LTpre=\skip69
\LTpost=\skip70
\LTchunksize=\count132
\LTcapwidth=\dimen149
\LT@head=\box31
\LT@firsthead=\box32
\LT@foot=\box33
\LT@lastfoot=\box34
\LT@cols=\count133
\LT@rows=\count134
\c@LT@tables=\count135
\c@LT@chunks=\count136
\LT@p@ftn=\toks29
))
(./Chapters/title.tex)
(/usr/local/texlive/2015/texmf-dist/tex/latex/natbib/natbib.sty
Package: natbib 2010/09/13 8.31b (PWD, AO)
\bibhang=\skip71
\bibsep=\skip72
LaTeX Info: Redefining \cite on input line 694.
\c@NAT@ctr=\count137
)
(/usr/local/texlive/2015/texmf-dist/tex/latex/tools/verbatim.sty
Package: verbatim 2014/10/28 v1.5q LaTeX2e package for verbatim enhancements
\every@verbatim=\toks30
\verbatim@line=\toks31
\verbatim@in@stream=\read1
)
(/usr/local/texlive/2015/texmf-dist/tex/latex/tools/array.sty
Package: array 2014/10/28 v2.4c Tabular extension package (FMi)
\col@sep=\dimen150
\extrarowheight=\dimen151
\NC@list=\toks32
\extratabsurround=\skip73
\backup@length=\skip74
) (./vector.sty
Package: vector 1994/09/16 v1.0 vector macros for LaTeX2e (nde)

(/usr/local/texlive/2015/texmf-dist/tex/latex/tools/calc.sty
Package: calc 2014/10/28 v4.3 Infix arithmetic (KKT,FJ)
\calc@Acount=\count138
\calc@Bcount=\count139
\calc@Adimen=\dimen152
\calc@Bdimen=\dimen153
\calc@Askip=\skip75
\calc@Bskip=\skip76
LaTeX Info: Redefining \setlength on input line 80.
LaTeX Info: Redefining \addtolength on input line 81.
\calc@Ccount=\count140
\calc@Cskip=\skip77
)
\c@vec@elem=\count141
)
Package hyperref Info: Option `colorlinks' set `false' on input line 18.

(/usr/local/texlive/2015/texmf-dist/tex/latex/epigraph/epigraph.sty
Package: epigraph 2009/09/02 v1.5c typesetting epigraphs
\beforeepigraphskip=\skip78
\afterepigraphskip=\skip79
\epigraphwidth=\skip80
\epigraphrule=\skip81
)
(/usr/local/texlive/2015/texmf-dist/tex/latex/graphics/color.sty
Package: color 2016/01/03 v1.1b Standard LaTeX Color (DPC)

(/usr/local/texlive/2015/texmf-dist/tex/latex/latexconfig/color.cfg
File: color.cfg 2007/01/18 v1.5 color configuration of teTeX/TeXLive
)
Package color Info: Driver file: pdftex.def on input line 143.
)
(/usr/local/texlive/2015/texmf-dist/tex/latex/psfrag/psfrag.sty
Package: psfrag 1998/04/11 v3.04 PSfrag (MCG)
\pfg@pcount=\count142
\pfg@scount=\count143
\pfg@temp=\write3
)
(/usr/local/texlive/2015/texmf-dist/tex/generic/epsf/epsf.sty
This is `epsf.tex' v2.7.4 <14 February 2011>
\epsffilein=\read2
\epsfframemargin=\dimen154
\epsfframethickness=\dimen155
\epsfrsize=\dimen156
\epsftmp=\dimen157
\epsftsize=\dimen158
\epsfxsize=\dimen159
\epsfysize=\dimen160
\pspoints=\dimen161
) (/usr/local/texlive/2015/texmf-dist/tex/latex/tools/enumerate.sty
Package: enumerate 2015/07/23 v3.00 enumerate extensions (DPC)
\@enLab=\toks33
)
(./algorithm2e.sty
Package: algorithm2e 2013/01/06 v5.00 algorithms environments
\c@AlgoLine=\count144
\algocf@hangindent=\skip82

(/usr/local/texlive/2015/texmf-dist/tex/latex/relsize/relsize.sty
Package: relsize 2013/03/29 ver 4.1
)
********************************************************
Package `algorithm2e' Release 5.1 -- october 19 2015 --
- algorithm2e-announce@lirmm.fr mailing list for announcement about releases
- algorithm2e-discussion@lirmm.fr mailing list for discussion about package
subscribe by emailing sympa@lirmm.fr with 'subscribe <list> <firstname name>'
- Author: Christophe Fiorio (christophe.fiorio@umontpellier.fr)
********************************************************
\skiptotal=\skip83
\skiplinenumber=\skip84
\skiprule=\skip85
\skiphlne=\skip86
\skiptext=\skip87
\skiplength=\skip88
\algomargin=\skip89
\skipalgocfslide=\skip90
\algowidth=\dimen162
\inoutsize=\dimen163
\inoutindent=\dimen164
\interspacetitleruled=\dimen165
\interspacealgoruled=\dimen166
\interspacetitleboxruled=\dimen167
\algocf@ruledwidth=\skip91
\algocf@inoutbox=\box35
\algocf@inputbox=\box36
\AlCapSkip=\skip92
\AlCapHSkip=\skip93
\algoskipindent=\skip94
\algocf@nlbox=\box37
\algocf@hangingbox=\box38
\algocf@untilbox=\box39
\algocf@skipuntil=\skip95
\algocf@capbox=\box40
\algoheightruledefault=\skip96
\algoheightrule=\skip97
\algotitleheightruledefault=\skip98
\algotitleheightrule=\skip99
\c@algocfline=\count145
\c@algocfproc=\count146
\c@algocf=\count147
\algocf@algoframe=\box41
\algocf@algobox=\box42
) (/usr/local/texlive/2015/texmf-dist/tex/latex/float/float.sty
Package: float 2001/11/08 v1.3d Float enhancements (AL)
\c@float@type=\count148
\float@exts=\toks34
\float@box=\box43
\@float@everytoks=\toks35
\@floatcapt=\box44
) (./thesis.aux

LaTeX Warning: Label `fig:maxwell_maintained' multiply defined.

)
\openout1 = `thesis.aux'.

LaTeX Font Info:    Checking defaults for OML/cmm/m/it on input line 57.
LaTeX Font Info:    ... okay on input line 57.
LaTeX Font Info:    Checking defaults for T1/cmr/m/n on input line 57.
LaTeX Font Info:    ... okay on input line 57.
LaTeX Font Info:    Checking defaults for OT1/cmr/m/n on input line 57.
LaTeX Font Info:    ... okay on input line 57.
LaTeX Font Info:    Checking defaults for OMS/cmsy/m/n on input line 57.
LaTeX Font Info:    ... okay on input line 57.
LaTeX Font Info:    Checking defaults for OMX/cmex/m/n on input line 57.
LaTeX Font Info:    ... okay on input line 57.
LaTeX Font Info:    Checking defaults for U/cmr/m/n on input line 57.
LaTeX Font Info:    ... okay on input line 57.
LaTeX Font Info:    Checking defaults for PD1/pdf/m/n on input line 57.
LaTeX Font Info:    ... okay on input line 57.
LaTeX Font Info:    Checking defaults for PU/pdf/m/n on input line 57.
LaTeX Font Info:    ... okay on input line 57.
Package caption Info: Begin \AtBeginDocument code.
Package caption Info: float package is loaded.
Package caption Info: hyperref package is loaded.
Package caption Info: listings package is loaded.
Package caption Info: longtable package is loaded.
 (/usr/local/texlive/2015/texmf-dist/tex/latex/caption/ltcaption.sty
Package: ltcaption 2013/06/09 v1.4-94 longtable captions (AR)
)
Package caption Info: rotating package is loaded.
Package caption Info: subfigure package is loaded.
Package caption Info: End \AtBeginDocument code.

(/usr/local/texlive/2015/texmf-dist/tex/context/base/supp-pdf.mkii
[Loading MPS to PDF converter (version 2006.09.02).]
\scratchcounter=\count149
\scratchdimen=\dimen168
\scratchbox=\box45
\nofMPsegments=\count150
\nofMParguments=\count151
\everyMPshowfont=\toks36
\MPscratchCnt=\count152
\MPscratchDim=\dimen169
\MPnumerator=\count153
\makeMPintoPDFobject=\count154
\everyMPtoPDFconversion=\toks37
)
\c@lstlisting=\count155
\AtBeginShipoutBox=\box46
Package hyperref Info: Link coloring OFF on input line 57.
 (/usr/local/texlive/2015/texmf-dist/tex/latex/hyperref/nameref.sty
Package: nameref 2012/10/27 v2.43 Cross-referencing by name of section

(/usr/local/texlive/2015/texmf-dist/tex/generic/oberdiek/gettitlestring.sty
Package: gettitlestring 2010/12/03 v1.4 Cleanup title references (HO)
)
\c@section@level=\count156
)
LaTeX Info: Redefining \ref on input line 57.
LaTeX Info: Redefining \pageref on input line 57.
LaTeX Info: Redefining \nameref on input line 57.
\@outlinefile=\write4
\openout4 = `thesis.out'.


(./Chapters/defs.tex)
------------------------------------------------------------------------------
 Title Page
------------------------------------------------------------------------------
<./Figures/logoc.pdf, id=4, 432.61626pt x 99.37125pt>
File: ./Figures/logoc.pdf Graphic file (type pdf)

<use ./Figures/logoc.pdf>
Package pdftex.def Info: ./Figures/logoc.pdf used on input line 63.
(pdftex.def)             Requested size: 199.16928pt x 45.74922pt.
 [1
Non-PDF special ignored!



{/usr/local/texlive/2015/texmf-var/fonts/map/pdftex/updmap/pdftex.map} <./Figur
es/logoc.pdf>] [2

]
------------------------------------------------------------------------------
 Table of Contents
------------------------------------------------------------------------------
(./thesis.toc
LaTeX Font Info:    Try loading font information for U+msa on input line 11.
 (/usr/local/texlive/2015/texmf-dist/tex/latex/amsfonts/umsa.fd
File: umsa.fd 2013/01/14 v3.01 AMS symbols A
)
LaTeX Font Info:    Try loading font information for U+msb on input line 11.

(/usr/local/texlive/2015/texmf-dist/tex/latex/amsfonts/umsb.fd
File: umsb.fd 2013/01/14 v3.01 AMS symbols B
))
\tf@toc=\write5
\openout5 = `thesis.toc'.

 [3


] [4

]
No file thesis.lof.
\tf@lof=\write6
\openout6 = `thesis.lof'.

No file thesis.lot.
\tf@lot=\write7
\openout7 = `thesis.lot'.

[5

] [6

]
------------------------------------------------------------------------------
 Notations
------------------------------------------------------------------------------
(./Chapters/notation.tex) [7

] [8

] (./Chapters/preface.tex) [9


] [10

]
(./Chapters/abstract.tex) [11

] [12

] (./Chapters/acknowledgements.tex) [13

]
[14


] (./Chapters/chapter1.tex
Chapter 1.
------------------------------------------------------------------------------
 1 Introduction
------------------------------------------------------------------------------
) (./Chapters/chapter2.tex [1

] [2

]
Chapter 2.
------------------------------------------------------------------------------
 2 A Chapter
------------------------------------------------------------------------------
) (./Chapters/chapter3.tex [3] [4

]
Chapter 3.
------------------------------------------------------------------------------
 3 Particle In cell
------------------------------------------------------------------------------

Package natbib Warning: Citation `simulation_techniques' on page 5 undefined on
 input line 17.

[5] [6]

Package hyperref Warning: Difference (2) between bookmark levels is greater 
(hyperref)                than one, level fixed on input line 33.

<grid.png, id=180, 426.59375pt x 381.425pt>
File: grid.png Graphic file (type png)
 <use grid.png>
Package pdftex.def Info: grid.png used on input line 56.
(pdftex.def)             Requested size: 333.97972pt x 298.63356pt.
 [7]

LaTeX Warning: File `piccycle.eps' not found on input line 77.

Package epstopdf Info: Source file: <piccycle.eps>
(epstopdf)             Output file: <piccycle-eps-converted-to.pdf>
(epstopdf)             Command: <repstopdf --outfile=piccycle-eps-converted-to.
pdf piccycle.eps>
(epstopdf)             \includegraphics on input line 77.
Package epstopdf Info: Output file is already uptodate.

! Package pdftex.def Error: File `piccycle-eps-converted-to.pdf' not found.

See the pdftex.def package documentation for explanation.
Type  H <return>  for immediate help.
 ...                                              
                                                  
l.77 ...raphics[width=0.8\textwidth]{piccycle.eps}
                                                  
Using draft setting for this image.
Try typing  <return>  to proceed.
If that doesn't work, type  X <return>  to quit.

[8 <./grid.png>]

Package hyperref Warning: Difference (2) between bookmark levels is greater 
(hyperref)                than one, level fixed on input line 84.

[9] [10] [11] [12]

LaTeX Warning: Reference `eq:diff1' on page 13 undefined on input line 243.

<Leapfrog.png, id=246, 957.5775pt x 147.55125pt>
File: Leapfrog.png Graphic file (type png)
 <use Leapfrog.png>
Package pdftex.def Info: Leapfrog.png used on input line 248.
(pdftex.def)             Requested size: 333.97972pt x 51.46133pt.


Package natbib Warning: Citation `second_order' on page 13 undefined on input l
ine 252.

[13 <./Leapfrog.png>]

Package natbib Warning: Citation `boris_good' on page 14 undefined on input lin
e 278.

[14] <particleshape.png, id=274, 795.97375pt x 589.20125pt>
File: particleshape.png Graphic file (type png)

<use particleshape.png>
Package pdftex.def Info: particleshape.png used on input line 412.
(pdftex.def)             Requested size: 333.97972pt x 247.2201pt.
 [15 <./particleshape.png>]

LaTeX Warning: File `cloned_source.eps' not found on input line 432.

Package epstopdf Info: Source file: <cloned_source.eps>
(epstopdf)             Output file: <cloned_source-eps-converted-to.pdf>
(epstopdf)             Command: <repstopdf --outfile=cloned_source-eps-converte
d-to.pdf cloned_source.eps>
(epstopdf)             \includegraphics on input line 432.
Package epstopdf Info: Output file is already uptodate.

! Package pdftex.def Error: File `cloned_source-eps-converted-to.pdf' not found
.

See the pdftex.def package documentation for explanation.
Type  H <return>  for immediate help.
 ...                                              
                                                  
l.432 ...m,width=0.8\textwidth]{cloned_source.eps}
                                                  
Using draft setting for this image.
Try typing  <return>  to proceed.
If that doesn't work, type  X <return>  to quit.

[16]

LaTeX Warning: File `maxwell_maintained.png' not found on input line 438.


! Package pdftex.def Error: File `maxwell_maintained.png' not found.

See the pdftex.def package documentation for explanation.
Type  H <return>  for immediate help.
 ...                                              
                                                  
l.438 ...th=0.8\textwidth]{maxwell_maintained.png}
                                                  
Using draft setting for this image.
Try typing  <return>  to proceed.
If that doesn't work, type  X <return>  to quit.

[17]

LaTeX Warning: File `ideal_probe_test.eps' not found on input line 450.

Package epstopdf Info: Source file: <ideal_probe_test.eps>
(epstopdf)             Output file: <ideal_probe_test-eps-converted-to.pdf>
(epstopdf)             Command: <repstopdf --outfile=ideal_probe_test-eps-conve
rted-to.pdf ideal_probe_test.eps>
(epstopdf)             \includegraphics on input line 450.
Package epstopdf Info: Output file is already uptodate.

! Package pdftex.def Error: File `ideal_probe_test-eps-converted-to.pdf' not fo
und.

See the pdftex.def package documentation for explanation.
Type  H <return>  for immediate help.
 ...                                              
                                                  
l.450 ...idth=0.8\textwidth]{ideal_probe_test.eps}
                                                  
Using draft setting for this image.
Try typing  <return>  to proceed.
If that doesn't work, type  X <return>  to quit.

[18]) (./Chapters/chapter4.tex [19] [20

]
Chapter 4.
------------------------------------------------------------------------------
 4 A Chapter
------------------------------------------------------------------------------
) (./Chapters/chapter5.tex [21] [22

]
Chapter 5.
------------------------------------------------------------------------------
 5 A Chapter
------------------------------------------------------------------------------
) (./Chapters/chapter6.tex [23] [24

]
Chapter 6.
------------------------------------------------------------------------------
 6 A Chapter
------------------------------------------------------------------------------
) [25] [26

]
------------------------------------------------------------------------------
 Bibliography
------------------------------------------------------------------------------
No file thesis.bbl.

Package natbib Warning: There were undefined citations.

Package atveryend Info: Empty hook `BeforeClearDocument' on input line 158.
Package atveryend Info: Empty hook `AfterLastShipout' on input line 158.
(./thesis.aux)
Package atveryend Info: Executing hook `AtVeryEndDocument' on input line 158.
Package atveryend Info: Executing hook `AtEndAfterFileList' on input line 158.


Package rerunfilecheck Warning: File `thesis.out' has changed.
(rerunfilecheck)                Rerun to get outlines right
(rerunfilecheck)                or use package `bookmark'.

Package rerunfilecheck Info: Checksums for `thesis.out':
(rerunfilecheck)             Before: <no file>
(rerunfilecheck)             After:  442044C7419CC7F8FC4251BAC516ECBB;2466.

LaTeX Warning: There were undefined references.


LaTeX Warning: There were multiply-defined labels.

Package atveryend Info: Empty hook `AtVeryVeryEnd' on input line 158.
 )
(\end occurred inside a group at level 1)

### simple group (level 1) entered at line 1061 ({)
### bottom level 
Here is how much of TeX's memory you used:
 14219 strings out of 493042
 202590 string characters out of 6134667
 303655 words of memory out of 5000000
 17410 multiletter control sequences out of 15000+600000
 12132 words of font info for 45 fonts, out of 8000000 for 9000
 1141 hyphenation exceptions out of 8191
 49i,12n,45p,2478b,2192s stack positions out of 5000i,500n,10000p,200000b,80000s
pdfTeX warning (dest): name{cite.shape} has been referenced but
 does not exist, replaced by a fixed one

pdfTeX warning (dest): name{cite.poisson_solvers} has been referenced but does 
not exist, replaced by a fixed one

pdfTeX warning (dest): name{cite.grid} has been referenced but does not exist, 
replaced by a fixed one

pdfTeX warning (dest): name{cite.Dawson} has been referenced but does not exist
, replaced by a fixed one

pdfTeX warning (dest): name{dummy.67} has been referenced but does not exist, r
eplaced by a fixed one

</usr/local/texlive/2015/texmf-dist/fonts/type1/public/amsfonts/cm/cmbx10.pfb><
/usr/local/texlive/2015/texmf-dist/fonts/type1/public/amsfonts/cm/cmbx12.pfb></
usr/local/texlive/2015/texmf-dist/fonts/type1/public/amsfonts/cm/cmcsc10.pfb></
usr/local/texlive/2015/texmf-dist/fonts/type1/public/amsfonts/cm/cmex10.pfb></u
sr/local/texlive/2015/texmf-dist/fonts/type1/public/amsfonts/cm/cmmi10.pfb></us
r/local/texlive/2015/texmf-dist/fonts/type1/public/amsfonts/cm/cmmi8.pfb></usr/
local/texlive/2015/texmf-dist/fonts/type1/public/amsfonts/cm/cmr10.pfb></usr/lo
cal/texlive/2015/texmf-dist/fonts/type1/public/amsfonts/cm/cmr12.pfb></usr/loca
l/texlive/2015/texmf-dist/fonts/type1/public/amsfonts/cm/cmr17.pfb></usr/local/
texlive/2015/texmf-dist/fonts/type1/public/amsfonts/cm/cmr8.pfb></usr/local/tex
live/2015/texmf-dist/fonts/type1/public/amsfonts/cm/cmsy10.pfb></usr/local/texl
ive/2015/texmf-dist/fonts/type1/public/amsfonts/cm/cmsy8.pfb></usr/local/texliv
e/2015/texmf-dist/fonts/type1/public/amsfonts/cm/cmti10.pfb></usr/local/texlive
/2015/texmf-dist/fonts/type1/public/amsfonts/cm/cmtt10.pfb>
Output written on thesis.pdf (40 pages, 274170 bytes).
PDF statistics:
 408 PDF objects out of 1000 (max. 8388607)
 337 compressed objects within 4 object streams
 112 named destinations out of 1000 (max. 500000)
 21 words of extra memory for PDF output out of 10000 (max. 10000000)

