This is pdfTeX, Version 3.14159265-2.6-1.40.16 (TeX Live 2015) (preloaded format=pdflatex 2016.2.2)  30 JUN 2017 16:43
entering extended mode
 restricted \write18 enabled.
 %&-line parsing enabled.
**chapter_5_seperate.tex
(./chapter_5_seperate.tex
LaTeX2e <2016/02/01>
Babel <3.9n> and hyphenation patterns for 79 languages loaded.
(/usr/local/texlive/2015/texmf-dist/tex/latex/base/article.cls
Document Class: article 2014/09/29 v1.4h Standard LaTeX document class
(/usr/local/texlive/2015/texmf-dist/tex/latex/base/size12.clo
File: size12.clo 2014/09/29 v1.4h Standard LaTeX file (size option)
)
\c@part=\count79
\c@section=\count80
\c@subsection=\count81
\c@subsubsection=\count82
\c@paragraph=\count83
\c@subparagraph=\count84
\c@figure=\count85
\c@table=\count86
\abovecaptionskip=\skip41
\belowcaptionskip=\skip42
\bibindent=\dimen102
)
(/usr/local/texlive/2015/texmf-dist/tex/latex/graphics/graphicx.sty
Package: graphicx 2014/10/28 v1.0g Enhanced LaTeX Graphics (DPC,SPQR)

(/usr/local/texlive/2015/texmf-dist/tex/latex/graphics/keyval.sty
Package: keyval 2014/10/28 v1.15 key=value parser (DPC)
\KV@toks@=\toks14
)
(/usr/local/texlive/2015/texmf-dist/tex/latex/graphics/graphics.sty
Package: graphics 2016/01/03 v1.0q Standard LaTeX Graphics (DPC,SPQR)

(/usr/local/texlive/2015/texmf-dist/tex/latex/graphics/trig.sty
Package: trig 2016/01/03 v1.10 sin cos tan (DPC)
)
(/usr/local/texlive/2015/texmf-dist/tex/latex/latexconfig/graphics.cfg
File: graphics.cfg 2010/04/23 v1.9 graphics configuration of TeX Live
)
Package graphics Info: Driver file: pdftex.def on input line 95.

(/usr/local/texlive/2015/texmf-dist/tex/latex/pdftex-def/pdftex.def
File: pdftex.def 2011/05/27 v0.06d Graphics/color for pdfTeX

(/usr/local/texlive/2015/texmf-dist/tex/generic/oberdiek/infwarerr.sty
Package: infwarerr 2010/04/08 v1.3 Providing info/warning/error messages (HO)
)
(/usr/local/texlive/2015/texmf-dist/tex/generic/oberdiek/ltxcmds.sty
Package: ltxcmds 2011/11/09 v1.22 LaTeX kernel commands for general use (HO)
)
\Gread@gobject=\count87
))
\Gin@req@height=\dimen103
\Gin@req@width=\dimen104
)
(/usr/local/texlive/2015/texmf-dist/tex/latex/notoccite/notoccite.sty
Package: notoccite 2000/07/20
)
(/usr/local/texlive/2015/texmf-dist/tex/latex/epigraph/epigraph.sty
Package: epigraph 2009/09/02 v1.5c typesetting epigraphs
\beforeepigraphskip=\skip43
\afterepigraphskip=\skip44
\epigraphwidth=\skip45
\epigraphrule=\skip46
)
(/usr/local/texlive/2015/texmf-dist/tex/latex/float/float.sty
Package: float 2001/11/08 v1.3d Float enhancements (AL)
\c@float@type=\count88
\float@exts=\toks15
\float@box=\box26
\@float@everytoks=\toks16
\@floatcapt=\box27
)
(/usr/local/texlive/2015/texmf-dist/tex/latex/url/url.sty
\Urlmuskip=\muskip10
Package: url 2013/09/16  ver 3.4  Verb mode for urls, etc.
)
(/usr/local/texlive/2015/texmf-dist/tex/latex/natbib/natbib.sty
Package: natbib 2010/09/13 8.31b (PWD, AO)
\bibhang=\skip47
\bibsep=\skip48
LaTeX Info: Redefining \cite on input line 694.
\c@NAT@ctr=\count89
)
(/usr/local/texlive/2015/texmf-dist/tex/latex/tools/verbatim.sty
Package: verbatim 2014/10/28 v1.5q LaTeX2e package for verbatim enhancements
\every@verbatim=\toks17
\verbatim@line=\toks18
\verbatim@in@stream=\read1
)
(/usr/local/texlive/2015/texmf-dist/tex/latex/listings/listings.sty
\lst@mode=\count90
\lst@gtempboxa=\box28
\lst@token=\toks19
\lst@length=\count91
\lst@currlwidth=\dimen105
\lst@column=\count92
\lst@pos=\count93
\lst@lostspace=\dimen106
\lst@width=\dimen107
\lst@newlines=\count94
\lst@lineno=\count95
\lst@maxwidth=\dimen108

(/usr/local/texlive/2015/texmf-dist/tex/latex/listings/lstmisc.sty
File: lstmisc.sty 2015/06/04 1.6 (Carsten Heinz)
\c@lstnumber=\count96
\lst@skipnumbers=\count97
\lst@framebox=\box29
)
(/usr/local/texlive/2015/texmf-dist/tex/latex/listings/listings.cfg
File: listings.cfg 2015/06/04 1.6 listings configuration
))
Package: listings 2015/06/04 1.6 (Carsten Heinz)

(/usr/local/texlive/2015/texmf-dist/tex/latex/tools/array.sty
Package: array 2014/10/28 v2.4c Tabular extension package (FMi)
\col@sep=\dimen109
\extrarowheight=\dimen110
\NC@list=\toks20
\extratabsurround=\skip49
\backup@length=\skip50
) (./vector.sty
Package: vector 1994/09/16 v1.0 vector macros for LaTeX2e (nde)

(/usr/local/texlive/2015/texmf-dist/tex/latex/base/ifthen.sty
Package: ifthen 2014/09/29 v1.1c Standard LaTeX ifthen package (DPC)
)
(/usr/local/texlive/2015/texmf-dist/tex/latex/tools/calc.sty
Package: calc 2014/10/28 v4.3 Infix arithmetic (KKT,FJ)
\calc@Acount=\count98
\calc@Bcount=\count99
\calc@Adimen=\dimen111
\calc@Bdimen=\dimen112
\calc@Askip=\skip51
\calc@Bskip=\skip52
LaTeX Info: Redefining \setlength on input line 80.
LaTeX Info: Redefining \addtolength on input line 81.
\calc@Ccount=\count100
\calc@Cskip=\skip53
)
\c@vec@elem=\count101
)
(/usr/local/texlive/2015/texmf-dist/tex/latex/amsmath/amsmath.sty
Package: amsmath 2013/01/14 v2.14 AMS math features
\@mathmargin=\skip54

For additional information on amsmath, use the `?' option.
(/usr/local/texlive/2015/texmf-dist/tex/latex/amsmath/amstext.sty
Package: amstext 2000/06/29 v2.01

(/usr/local/texlive/2015/texmf-dist/tex/latex/amsmath/amsgen.sty
File: amsgen.sty 1999/11/30 v2.0
\@emptytoks=\toks21
\ex@=\dimen113
))
(/usr/local/texlive/2015/texmf-dist/tex/latex/amsmath/amsbsy.sty
Package: amsbsy 1999/11/29 v1.2d
\pmbraise@=\dimen114
)
(/usr/local/texlive/2015/texmf-dist/tex/latex/amsmath/amsopn.sty
Package: amsopn 1999/12/14 v2.01 operator names
)
\inf@bad=\count102
LaTeX Info: Redefining \frac on input line 210.
\uproot@=\count103
\leftroot@=\count104
LaTeX Info: Redefining \overline on input line 306.
\classnum@=\count105
\DOTSCASE@=\count106
LaTeX Info: Redefining \ldots on input line 378.
LaTeX Info: Redefining \dots on input line 381.
LaTeX Info: Redefining \cdots on input line 466.
\Mathstrutbox@=\box30
\strutbox@=\box31
\big@size=\dimen115
LaTeX Font Info:    Redeclaring font encoding OML on input line 566.
LaTeX Font Info:    Redeclaring font encoding OMS on input line 567.
\macc@depth=\count107
\c@MaxMatrixCols=\count108
\dotsspace@=\muskip11
\c@parentequation=\count109
\dspbrk@lvl=\count110
\tag@help=\toks22
\row@=\count111
\column@=\count112
\maxfields@=\count113
\andhelp@=\toks23
\eqnshift@=\dimen116
\alignsep@=\dimen117
\tagshift@=\dimen118
\tagwidth@=\dimen119
\totwidth@=\dimen120
\lineht@=\dimen121
\@envbody=\toks24
\multlinegap=\skip55
\multlinetaggap=\skip56
\mathdisplay@stack=\toks25
LaTeX Info: Redefining \[ on input line 2665.
LaTeX Info: Redefining \] on input line 2666.
)
(/usr/local/texlive/2015/texmf-dist/tex/latex/amsfonts/amsfonts.sty
Package: amsfonts 2013/01/14 v3.01 Basic AMSFonts support
\symAMSa=\mathgroup4
\symAMSb=\mathgroup5
LaTeX Font Info:    Overwriting math alphabet `\mathfrak' in version `bold'
(Font)                  U/euf/m/n --> U/euf/b/n on input line 106.
)
(/usr/local/texlive/2015/texmf-dist/tex/latex/amscls/amsthm.sty
Package: amsthm 2015/03/04 v2.20.2
\thm@style=\toks26
\thm@bodyfont=\toks27
\thm@headfont=\toks28
\thm@notefont=\toks29
\thm@headpunct=\toks30
\thm@preskip=\skip57
\thm@postskip=\skip58
\thm@headsep=\skip59
\dth@everypar=\toks31
)
(/usr/local/texlive/2015/texmf-dist/tex/latex/graphics/color.sty
Package: color 2016/01/03 v1.1b Standard LaTeX Color (DPC)

(/usr/local/texlive/2015/texmf-dist/tex/latex/latexconfig/color.cfg
File: color.cfg 2007/01/18 v1.5 color configuration of teTeX/TeXLive
)
Package color Info: Driver file: pdftex.def on input line 143.
)
(/usr/local/texlive/2015/texmf-dist/tex/latex/psfrag/psfrag.sty
Package: psfrag 1998/04/11 v3.04 PSfrag (MCG)
\pfg@pcount=\count114
\pfg@scount=\count115
\pfg@temp=\write3
)
(/usr/local/texlive/2015/texmf-dist/tex/generic/epsf/epsf.sty
This is `epsf.tex' v2.7.4 <14 February 2011>
\epsffilein=\read2
\epsfframemargin=\dimen122
\epsfframethickness=\dimen123
\epsfrsize=\dimen124
\epsftmp=\dimen125
\epsftsize=\dimen126
\epsfxsize=\dimen127
\epsfysize=\dimen128
\pspoints=\dimen129
) (/usr/local/texlive/2015/texmf-dist/tex/latex/tools/enumerate.sty
Package: enumerate 2015/07/23 v3.00 enumerate extensions (DPC)
\@enLab=\toks32
)
(/usr/local/texlive/2015/texmf-dist/tex/latex/caption/caption.sty
Package: caption 2015/09/17 v3.3-111 Customizing captions (AR)

(/usr/local/texlive/2015/texmf-dist/tex/latex/caption/caption3.sty
Package: caption3 2015/09/20 v1.7-115 caption3 kernel (AR)
Package caption3 Info: TeX engine: e-TeX on input line 57.
\captionmargin=\dimen130
\captionmargin@=\dimen131
\captionwidth=\dimen132
\caption@tempdima=\dimen133
\caption@indent=\dimen134
\caption@parindent=\dimen135
\caption@hangindent=\dimen136
)
\c@ContinuedFloat=\count116
Package caption Info: float package is loaded.
Package caption Info: listings package is loaded.
)
(./algorithm2e.sty
Package: algorithm2e 2013/01/06 v5.00 algorithms environments
\c@AlgoLine=\count117
\algocf@hangindent=\skip60

(/usr/local/texlive/2015/texmf-dist/tex/latex/tools/xspace.sty
Package: xspace 2014/10/28 v1.13 Space after command names (DPC,MH)
)
(/usr/local/texlive/2015/texmf-dist/tex/latex/relsize/relsize.sty
Package: relsize 2013/03/29 ver 4.1
)
********************************************************
Package `algorithm2e' Release 5.1 -- october 19 2015 --
- algorithm2e-announce@lirmm.fr mailing list for announcement about releases
- algorithm2e-discussion@lirmm.fr mailing list for discussion about package
subscribe by emailing sympa@lirmm.fr with 'subscribe <list> <firstname name>'
- Author: Christophe Fiorio (christophe.fiorio@umontpellier.fr)
********************************************************
\skiptotal=\skip61
\skiplinenumber=\skip62
\skiprule=\skip63
\skiphlne=\skip64
\skiptext=\skip65
\skiplength=\skip66
\algomargin=\skip67
\skipalgocfslide=\skip68
\algowidth=\dimen137
\inoutsize=\dimen138
\inoutindent=\dimen139
\interspacetitleruled=\dimen140
\interspacealgoruled=\dimen141
\interspacetitleboxruled=\dimen142
\algocf@ruledwidth=\skip69
\algocf@inoutbox=\box32
\algocf@inputbox=\box33
\AlCapSkip=\skip70
\AlCapHSkip=\skip71
\algoskipindent=\skip72
\algocf@nlbox=\box34
\algocf@hangingbox=\box35
\algocf@untilbox=\box36
\algocf@skipuntil=\skip73
\algocf@capbox=\box37
\algoheightruledefault=\skip74
\algoheightrule=\skip75
\algotitleheightruledefault=\skip76
\algotitleheightrule=\skip77
\c@algocfline=\count118
\c@algocfproc=\count119
\c@algocf=\count120
\algocf@algoframe=\box38
\algocf@algobox=\box39
) (./chapter_5_seperate.aux

LaTeX Warning: Label `Section:benchmark' multiply defined.

)
\openout1 = `chapter_5_seperate.aux'.

LaTeX Font Info:    Checking defaults for OML/cmm/m/it on input line 54.
LaTeX Font Info:    ... okay on input line 54.
LaTeX Font Info:    Checking defaults for T1/cmr/m/n on input line 54.
LaTeX Font Info:    ... okay on input line 54.
LaTeX Font Info:    Checking defaults for OT1/cmr/m/n on input line 54.
LaTeX Font Info:    ... okay on input line 54.
LaTeX Font Info:    Checking defaults for OMS/cmsy/m/n on input line 54.
LaTeX Font Info:    ... okay on input line 54.
LaTeX Font Info:    Checking defaults for OMX/cmex/m/n on input line 54.
LaTeX Font Info:    ... okay on input line 54.
LaTeX Font Info:    Checking defaults for U/cmr/m/n on input line 54.
LaTeX Font Info:    ... okay on input line 54.
 (/usr/local/texlive/2015/texmf-dist/tex/context/base/supp-pdf.mkii
[Loading MPS to PDF converter (version 2006.09.02).]
\scratchcounter=\count121
\scratchdimen=\dimen143
\scratchbox=\box40
\nofMPsegments=\count122
\nofMParguments=\count123
\everyMPshowfont=\toks33
\MPscratchCnt=\count124
\MPscratchDim=\dimen144
\MPnumerator=\count125
\makeMPintoPDFobject=\count126
\everyMPtoPDFconversion=\toks34
) (/usr/local/texlive/2015/texmf-dist/tex/generic/oberdiek/pdftexcmds.sty
Package: pdftexcmds 2011/11/29 v0.20 Utility functions of pdfTeX for LuaTeX (HO
)

(/usr/local/texlive/2015/texmf-dist/tex/generic/oberdiek/ifluatex.sty
Package: ifluatex 2010/03/01 v1.3 Provides the ifluatex switch (HO)
Package ifluatex Info: LuaTeX not detected.
)
(/usr/local/texlive/2015/texmf-dist/tex/generic/oberdiek/ifpdf.sty
Package: ifpdf 2011/01/30 v2.3 Provides the ifpdf switch (HO)
Package ifpdf Info: pdfTeX in PDF mode is detected.
)
Package pdftexcmds Info: LuaTeX not detected.
Package pdftexcmds Info: \pdf@primitive is available.
Package pdftexcmds Info: \pdf@ifprimitive is available.
Package pdftexcmds Info: \pdfdraftmode found.
)
(/usr/local/texlive/2015/texmf-dist/tex/latex/oberdiek/epstopdf-base.sty
Package: epstopdf-base 2010/02/09 v2.5 Base part for package epstopdf

(/usr/local/texlive/2015/texmf-dist/tex/latex/oberdiek/grfext.sty
Package: grfext 2010/08/19 v1.1 Manage graphics extensions (HO)

(/usr/local/texlive/2015/texmf-dist/tex/generic/oberdiek/kvdefinekeys.sty
Package: kvdefinekeys 2011/04/07 v1.3 Define keys (HO)
))
(/usr/local/texlive/2015/texmf-dist/tex/latex/oberdiek/kvoptions.sty
Package: kvoptions 2011/06/30 v3.11 Key value format for package options (HO)

(/usr/local/texlive/2015/texmf-dist/tex/generic/oberdiek/kvsetkeys.sty
Package: kvsetkeys 2012/04/25 v1.16 Key value parser (HO)

(/usr/local/texlive/2015/texmf-dist/tex/generic/oberdiek/etexcmds.sty
Package: etexcmds 2011/02/16 v1.5 Avoid name clashes with e-TeX commands (HO)
Package etexcmds Info: Could not find \expanded.
(etexcmds)             That can mean that you are not using pdfTeX 1.50 or
(etexcmds)             that some package has redefined \expanded.
(etexcmds)             In the latter case, load this package earlier.
)))
Package grfext Info: Graphics extension search list:
(grfext)             [.png,.pdf,.jpg,.mps,.jpeg,.jbig2,.jb2,.PNG,.PDF,.JPG,.JPE
G,.JBIG2,.JB2,.eps]
(grfext)             \AppendGraphicsExtensions on input line 452.

(/usr/local/texlive/2015/texmf-dist/tex/latex/latexconfig/epstopdf-sys.cfg
File: epstopdf-sys.cfg 2010/07/13 v1.3 Configuration of (r)epstopdf for TeX Liv
e
))
\c@lstlisting=\count127
Package caption Info: Begin \AtBeginDocument code.
Package caption Info: End \AtBeginDocument code.
LaTeX Font Info:    Try loading font information for U+msa on input line 60.

(/usr/local/texlive/2015/texmf-dist/tex/latex/amsfonts/umsa.fd
File: umsa.fd 2013/01/14 v3.01 AMS symbols A
)
LaTeX Font Info:    Try loading font information for U+msb on input line 60.

(/usr/local/texlive/2015/texmf-dist/tex/latex/amsfonts/umsb.fd
File: umsb.fd 2013/01/14 v3.01 AMS symbols B
)

Package natbib Warning: Citation `Gunn-1995' on page 1 undefined on input line 
72.


Package natbib Warning: Citation `FMP_tilt' on page 1 undefined on input line 7
2.

[1
Non-PDF special ignored!

{/usr/local/texlive/2015/texmf-var/fonts/map/pdftex/updmap/pdftex.map}] <non_sa
t.png, id=13, 362.35374pt x 311.1625pt>
File: non_sat.png Graphic file (type png)

<use non_sat.png>
Package pdftex.def Info: non_sat.png used on input line 77.
(pdftex.def)             Requested size: 350.99762pt x 301.41418pt.
 [2 <./non_sat.png (PNG copy)>] [3]
<wc_sheath.png, id=20, 931.48pt x 632.3625pt>
File: wc_sheath.png Graphic file (type png)
 <use wc_sheath.png>
Package pdftex.def Info: wc_sheath.png used on input line 111.
(pdftex.def)             Requested size: 350.99762pt x 238.28358pt.
 [4] [5 <./wc_sheath.png>] <Bergmann_model.png, id=29, 434.62375pt x 654.445pt>
File: Bergmann_model.png Graphic file (type png)

<use Bergmann_model.png>
Package pdftex.def Info: Bergmann_model.png used on input line 124.
(pdftex.def)             Requested size: 142.2657pt x 199.17104pt.


Package natbib Warning: Citation `Bergmann-1994' on page 6 undefined on input l
ine 125.


Package natbib Warning: Citation `Bergmann-1994' on page 6 undefined on input l
ine 125.

[6 <./Bergmann_model.png>] [7] [8]
<gap_model.pdf, id=42, 776.73984pt x 1061.57762pt>
File: gap_model.pdf Graphic file (type pdf)
 <use gap_model.pdf>
Package pdftex.def Info: gap_model.pdf used on input line 190.
(pdftex.def)             Requested size: 227.61919pt x 227.6192pt.
 [9]

LaTeX Warning: No positions in optional float specifier.
               Default added (so using `tbp') on input line 195.

[10 <./gap_model.pdf>] <mps_densities.pdf, id=65, 587.19376pt x 442.65375pt>
File: mps_densities.pdf Graphic file (type pdf)

<use mps_densities.pdf>
Package pdftex.def Info: mps_densities.pdf used on input line 230.
(pdftex.def)             Requested size: 350.99292pt x 227.62811pt.
 [11]

Package natbib Warning: Citation `fluid_model' on page 12 undefined on input li
ne 235.

[12 <./mps_densities.pdf>]
<both_fluxes_150V.pdf, id=94, 587.19376pt x 442.65375pt>
File: both_fluxes_150V.pdf Graphic file (type pdf)

<use both_fluxes_150V.pdf>
Package pdftex.def Info: both_fluxes_150V.pdf used on input line 246.
(pdftex.def)             Requested size: 350.99292pt x 227.62811pt.


LaTeX Warning: No positions in optional float specifier.
               Default added (so using `tbp') on input line 252.

<density_in_front_of_wall_150V.pdf, id=95, 587.19376pt x 442.65375pt>
File: density_in_front_of_wall_150V.pdf Graphic file (type pdf)

<use density_in_front_of_wall_150V.pdf>
Package pdftex.def Info: density_in_front_of_wall_150V.pdf used on input line 2
54.
(pdftex.def)             Requested size: 350.99292pt x 227.62811pt.


LaTeX Warning: No positions in optional float specifier.
               Default added (so using `tbp') on input line 259.

<potential_on_wall.pdf, id=96, 587.19376pt x 442.65375pt>
File: potential_on_wall.pdf Graphic file (type pdf)

<use potential_on_wall.pdf>
Package pdftex.def Info: potential_on_wall.pdf used on input line 261.
(pdftex.def)             Requested size: 350.99292pt x 227.62811pt.
 [13 <./both_fluxes_150V.pdf>] [14 <./density_in_front_of_wall_150V.pdf> <./pot
ential_on_wall.pdf

pdfTeX warning: pdflatex (file ./potential_on_wall.pdf): PDF inclusion: multipl
e pdfs with page group included in a single page
>] <a_no_gap.pdf, id=149, 587.19376pt x 442.65375pt>
File: a_no_gap.pdf Graphic file (type pdf)
 <use a_no_gap.pdf>
Package pdftex.def Info: a_no_gap.pdf used on input line 276.
(pdftex.def)             Requested size: 350.99762pt x 264.59464pt.

<no_gap_c1_c2.pdf, id=150, 587.19376pt x 442.65375pt>
File: no_gap_c1_c2.pdf Graphic file (type pdf)
 <use no_gap_c1_c2.pdf>
Package pdftex.def Info: no_gap_c1_c2.pdf used on input line 285.
(pdftex.def)             Requested size: 350.99292pt x 227.62811pt.

[15 <./a_no_gap.pdf>] <both_fluxes_gap.pdf, id=189, 587.19376pt x 442.65375pt>
File: both_fluxes_gap.pdf Graphic file (type pdf)

<use both_fluxes_gap.pdf>
Package pdftex.def Info: both_fluxes_gap.pdf used on input line 298.
(pdftex.def)             Requested size: 350.99292pt x 213.39671pt.
 [16 <./no_gap_c1_c2.pdf>]
<density_in_front_of_wall_gap.pdf, id=216, 1386.68062pt x 760.64174pt>
File: density_in_front_of_wall_gap.pdf Graphic file (type pdf)

<use density_in_front_of_wall_gap.pdf>
Package pdftex.def Info: density_in_front_of_wall_gap.pdf used on input line 30
7.
(pdftex.def)             Requested size: 390.00298pt x 284.53195pt.
 [17 <./both_fluxes_gap.pdf>]
<potential_75V.pdf, id=237, 587.19376pt x 442.65375pt>
File: potential_75V.pdf Graphic file (type pdf)
 <use potential_75V.pdf>
Package pdftex.def Info: potential_75V.pdf used on input line 315.
(pdftex.def)             Requested size: 350.99762pt x 264.59464pt.

[18 <./density_in_front_of_wall_gap.pdf>]

LaTeX Warning: No positions in optional float specifier.
               Default added (so using `tbp') on input line 335.

<sheath_model1.pdf, id=255, 547.58679pt x 154.43411pt>
File: sheath_model1.pdf Graphic file (type pdf)
 <use sheath_model1.pdf>
Package pdftex.def Info: sheath_model1.pdf used on input line 337.
(pdftex.def)             Requested size: 350.99762pt x 98.993pt.

[19 <./potential_75V.pdf>]
<ion_current_gap_no_gap.pdf, id=539, 587.19376pt x 442.65375pt>
File: ion_current_gap_no_gap.pdf Graphic file (type pdf)

<use ion_current_gap_no_gap.pdf>
Package pdftex.def Info: ion_current_gap_no_gap.pdf used on input line 348.
(pdftex.def)             Requested size: 350.99762pt x 264.59464pt.
 [20 <./sheath_model1.pdf>] [21 <./ion_current_gap_no_gap.pdf>] <c1_c2_plot.pdf
, id=617, 578.16pt x 433.62pt>
File: c1_c2_plot.pdf Graphic file (type pdf)

<use c1_c2_plot.pdf>
Package pdftex.def Info: c1_c2_plot.pdf used on input line 396.
(pdftex.def)             Requested size: 350.99762pt x 263.24406pt.
 [22]

LaTeX Warning: No positions in optional float specifier.
               Default added (so using `tbp') on input line 405.

<absorbed_distribution.pdf, id=621, 578.16pt x 433.62pt>
File: absorbed_distribution.pdf Graphic file (type pdf)

<use absorbed_distribution.pdf>
Package pdftex.def Info: absorbed_distribution.pdf used on input line 407.
(pdftex.def)             Requested size: 350.99208pt x 227.62082pt.
 [23 <./c1_c2_plot.pdf>] [24 <./absorbed_distribution.pdf>] [25] <absorbed_nega
tive_electron.pdf, id=691, 578.16pt x 433.62pt>
File: absorbed_negative_electron.pdf Graphic file (type pdf)

<use absorbed_negative_electron.pdf>
Package pdftex.def Info: absorbed_negative_electron.pdf used on input line 416.

(pdftex.def)             Requested size: 350.99762pt x 263.24406pt.
 [26 <./absorbed_negative_electron.pdf>]
<relative_error.pdf, id=731, 578.16pt x 433.62pt>
File: relative_error.pdf Graphic file (type pdf)
 <use relative_error.pdf>
Package pdftex.def Info: relative_error.pdf used on input line 427.
(pdftex.def)             Requested size: 350.99762pt x 263.24406pt.

[27 <./relative_error.pdf>]
<angle_error.pdf, id=736, 587.19376pt x 442.65375pt>
File: angle_error.pdf Graphic file (type pdf)
 <use angle_error.pdf>
Package pdftex.def Info: angle_error.pdf used on input line 439.
(pdftex.def)             Requested size: 350.99762pt x 264.59464pt.

[28 <./angle_error.pdf>] [29] [30]
<all_fits.pdf, id=765, 587.19376pt x 442.65375pt>
File: all_fits.pdf Graphic file (type pdf)
 <use all_fits.pdf>
Package pdftex.def Info: all_fits.pdf used on input line 495.
(pdftex.def)             Requested size: 350.99762pt x 264.59464pt.
 [31 <./all_fits.pdf>] [32] (./chapter_5_seperate.bbl [33]
Missing character: There is no ‚ in font cmr12!
Missing character: There is no Ä in font cmr12!
Missing character: There is no ì in font cmr12!
Missing character: There is no √ in font cmr12!
Missing character: There is no ≠ in font cmr12!
Missing character: There is no ƒ in font cmr12!
Missing character: There is no ç in font cmr12!
Missing character: There is no √ in font cmr12!
Missing character: There is no ° in font cmr12!
Missing character: There is no ‚ in font cmr12!
Missing character: There is no Ä in font cmr12!
Missing character: There is no ô in font cmr12!
Missing character: There is no ‚ in font cmr12!
Missing character: There is no Ä in font cmr12!
Missing character: There is no ê in font cmr12!
 [34])

Package natbib Warning: There were undefined citations.

[35] (./chapter_5_seperate.aux)

LaTeX Warning: There were multiply-defined labels.

 )
(\end occurred inside a group at level 1)

### simple group (level 1) entered at line 1061 ({)
### bottom level 
Here is how much of TeX's memory you used:
 6496 strings out of 493042
 97479 string characters out of 6134667
 185794 words of memory out of 5000000
 9907 multiletter control sequences out of 15000+600000
 9545 words of font info for 36 fonts, out of 8000000 for 9000
 1141 hyphenation exceptions out of 8191
 38i,10n,41p,3538b,2039s stack positions out of 5000i,500n,10000p,200000b,80000s
</usr/local/texlive/2015/texmf-dist/fonts/type1/public/amsfonts
/cm/cmbx12.pfb></usr/local/texlive/2015/texmf-dist/fonts/type1/public/amsfonts/
cm/cmex10.pfb></usr/local/texlive/2015/texmf-dist/fonts/type1/public/amsfonts/c
m/cmmi12.pfb></usr/local/texlive/2015/texmf-dist/fonts/type1/public/amsfonts/cm
/cmmi6.pfb></usr/local/texlive/2015/texmf-dist/fonts/type1/public/amsfonts/cm/c
mmi8.pfb></usr/local/texlive/2015/texmf-dist/fonts/type1/public/amsfonts/cm/cmr
10.pfb></usr/local/texlive/2015/texmf-dist/fonts/type1/public/amsfonts/cm/cmr12
.pfb></usr/local/texlive/2015/texmf-dist/fonts/type1/public/amsfonts/cm/cmr6.pf
b></usr/local/texlive/2015/texmf-dist/fonts/type1/public/amsfonts/cm/cmr8.pfb><
/usr/local/texlive/2015/texmf-dist/fonts/type1/public/amsfonts/cm/cmsy10.pfb></
usr/local/texlive/2015/texmf-dist/fonts/type1/public/amsfonts/cm/cmsy8.pfb></us
r/local/texlive/2015/texmf-dist/fonts/type1/public/amsfonts/cm/cmti12.pfb></usr
/local/texlive/2015/texmf-dist/fonts/type1/urw/ncntrsbk/uncr8a.pfb>
Output written on chapter_5_seperate.pdf (35 pages, 1023902 bytes).
PDF statistics:
 856 PDF objects out of 1000 (max. 8388607)
 356 compressed objects within 4 object streams
 0 named destinations out of 1000 (max. 500000)
 106 words of extra memory for PDF output out of 10000 (max. 10000000)

