This is pdfTeXk, Version 3.141592-1.40.3 (Web2C 7.5.6) (format=pdflatex 2015.8.25)  3 NOV 2016 11:58
entering extended mode
 %&-line parsing enabled.
**probelatest.tex
(./probelatest.tex
LaTeX2e <2005/12/01>
Babel <v3.8h> and hyphenation patterns for english, usenglishmax, dumylang, noh
yphenation, arabic, basque, bulgarian, coptic, welsh, czech, slovak, german, ng
erman, danish, esperanto, spanish, catalan, galician, estonian, farsi, finnish,
 french, greek, monogreek, ancientgreek, croatian, hungarian, interlingua, ibyc
us, indonesian, icelandic, italian, latin, mongolian, dutch, norsk, polish, por
tuguese, pinyin, romanian, russian, slovenian, uppersorbian, serbian, swedish, 
turkish, ukenglish, ukrainian, loaded.
(/usr/share/texmf/tex/latex/base/article.cls
Document Class: article 2005/09/16 v1.4f Standard LaTeX document class
(/usr/share/texmf/tex/latex/base/size12.clo
File: size12.clo 2005/09/16 v1.4f Standard LaTeX file (size option)
)
\c@part=\count79
\c@section=\count80
\c@subsection=\count81
\c@subsubsection=\count82
\c@paragraph=\count83
\c@subparagraph=\count84
\c@figure=\count85
\c@table=\count86
\abovecaptionskip=\skip41
\belowcaptionskip=\skip42
\bibindent=\dimen102
)
(/usr/share/texmf/tex/latex/float/float.sty
Package: float 2001/11/08 v1.3d Float enhancements (AL)
\c@float@type=\count87
\float@exts=\toks14
\float@box=\box26
\@float@everytoks=\toks15
\@floatcapt=\box27
)
(/usr/share/texmf/tex/latex/geometry/geometry.sty
Package: geometry 2002/07/08 v3.2 Page Geometry

(/usr/share/texmf/tex/latex/graphics/keyval.sty
Package: keyval 1999/03/16 v1.13 key=value parser (DPC)
\KV@toks@=\toks16
)
\Gm@cnth=\count88
\Gm@cntv=\count89
\c@Gm@tempcnt=\count90
\Gm@bindingoffset=\dimen103
\Gm@wd@mp=\dimen104
\Gm@odd@mp=\dimen105
\Gm@even@mp=\dimen106
\Gm@dimlist=\toks17
)
(/usr/share/texmf/tex/latex/graphics/graphicx.sty
Package: graphicx 1999/02/16 v1.0f Enhanced LaTeX Graphics (DPC,SPQR)

(/usr/share/texmf/tex/latex/graphics/graphics.sty
Package: graphics 2006/02/20 v1.0o Standard LaTeX Graphics (DPC,SPQR)

(/usr/share/texmf/tex/latex/graphics/trig.sty
Package: trig 1999/03/16 v1.09 sin cos tan (DPC)
)
(/usr/share/texmf/tex/latex/config/graphics.cfg
File: graphics.cfg 2007/01/18 v1.5 graphics configuration of teTeX/TeXLive
)
Package graphics Info: Driver file: pdftex.def on input line 90.

(/usr/share/texmf/tex/latex/pdftex-def/pdftex.def
File: pdftex.def 2007/01/08 v0.04d Graphics/color for pdfTeX
\Gread@gobject=\count91
))
\Gin@req@height=\dimen107
\Gin@req@width=\dimen108
)
(/usr/share/texmf/tex/generic/babel/babel.sty
Package: babel 2005/11/23 v3.8h The Babel package

(/usr/share/texmf/tex/generic/babel/english.ldf
Language: english 2005/03/30 v3.3o English support from the babel system

(/usr/share/texmf/tex/generic/babel/babel.def
File: babel.def 2005/11/23 v3.8h Babel common definitions
\babel@savecnt=\count92
\U@D=\dimen109
)
\l@british = a dialect from \language\l@english 
\l@UKenglish = a dialect from \language\l@english 
\l@canadian = a dialect from \language\l@american 
\l@australian = a dialect from \language\l@british 
\l@newzealand = a dialect from \language\l@british 
))
(/usr/share/texmf/tex/latex/html/url.sty
Package: url 1999/03/02  ver 1.4  Verb mode for urls, email addresses, and file
 names
)
(/usr/share/texmf/tex/latex/amsfonts/amssymb.sty
Package: amssymb 2002/01/22 v2.2d

(/usr/share/texmf/tex/latex/amsfonts/amsfonts.sty
Package: amsfonts 2001/10/25 v2.2f
\@emptytoks=\toks18
\symAMSa=\mathgroup4
\symAMSb=\mathgroup5
LaTeX Font Info:    Overwriting math alphabet `\mathfrak' in version `bold'
(Font)                  U/euf/m/n --> U/euf/b/n on input line 132.
))
(/usr/share/texmf/tex/latex/graphics/epsfig.sty
Package: epsfig 1999/02/16 v1.7a (e)psfig emulation (SPQR)
\epsfxsize=\dimen110
\epsfysize=\dimen111
)
(/usr/share/texmf/tex/latex/bbm/bbm.sty
Package: bbm 1999/03/15 V 1.2 provides fonts for set symbols - TH
LaTeX Font Info:    Overwriting math alphabet `\mathbbm' in version `bold'
(Font)                  U/bbm/m/n --> U/bbm/bx/n on input line 33.
LaTeX Font Info:    Overwriting math alphabet `\mathbbmss' in version `bold'
(Font)                  U/bbmss/m/n --> U/bbmss/bx/n on input line 35.
)
(/usr/share/texmf/tex/latex/bbold/bbold.sty
Package: bbold 1994/04/06 Bbold symbol package
LaTeX Font Info:    Redeclaring math alphabet \mathbb on input line 42.
)
(/usr/share/texmf/tex/latex/amsmath/amsmath.sty
Package: amsmath 2000/07/18 v2.13 AMS math features
\@mathmargin=\skip43

For additional information on amsmath, use the `?' option.
(/usr/share/texmf/tex/latex/amsmath/amstext.sty
Package: amstext 2000/06/29 v2.01

(/usr/share/texmf/tex/latex/amsmath/amsgen.sty
File: amsgen.sty 1999/11/30 v2.0
\@emptytoks=\toks19
\ex@=\dimen112
))
(/usr/share/texmf/tex/latex/amsmath/amsbsy.sty
Package: amsbsy 1999/11/29 v1.2d
\pmbraise@=\dimen113
)
(/usr/share/texmf/tex/latex/amsmath/amsopn.sty
Package: amsopn 1999/12/14 v2.01 operator names
)
\inf@bad=\count93
LaTeX Info: Redefining \frac on input line 211.
\uproot@=\count94
\leftroot@=\count95
LaTeX Info: Redefining \overline on input line 307.
\classnum@=\count96
\DOTSCASE@=\count97
LaTeX Info: Redefining \ldots on input line 379.
LaTeX Info: Redefining \dots on input line 382.
LaTeX Info: Redefining \cdots on input line 467.
\Mathstrutbox@=\box28
\strutbox@=\box29
\big@size=\dimen114
LaTeX Font Info:    Redeclaring font encoding OML on input line 567.
LaTeX Font Info:    Redeclaring font encoding OMS on input line 568.
\macc@depth=\count98
\c@MaxMatrixCols=\count99
\dotsspace@=\muskip10
\c@parentequation=\count100
\dspbrk@lvl=\count101
\tag@help=\toks20
\row@=\count102
\column@=\count103
\maxfields@=\count104
\andhelp@=\toks21
\eqnshift@=\dimen115
\alignsep@=\dimen116
\tagshift@=\dimen117
\tagwidth@=\dimen118
\totwidth@=\dimen119
\lineht@=\dimen120
\@envbody=\toks22
\multlinegap=\skip44
\multlinetaggap=\skip45
\mathdisplay@stack=\toks23
LaTeX Info: Redefining \[ on input line 2666.
LaTeX Info: Redefining \] on input line 2667.
) (./probelatest.aux

LaTeX Warning: Label `fig:Leapfrog' multiply defined.


LaTeX Warning: Label `fig:Leapfrog' multiply defined.


LaTeX Warning: Label `fig:shape' multiply defined.


LaTeX Warning: Label `circuit' multiply defined.


LaTeX Warning: Label `fig:shape' multiply defined.


LaTeX Warning: Label `fig:angle' multiply defined.

)
\openout1 = `probelatest.aux'.

LaTeX Font Info:    Checking defaults for OML/cmm/m/it on input line 40.
LaTeX Font Info:    ... okay on input line 40.
LaTeX Font Info:    Checking defaults for T1/cmr/m/n on input line 40.
LaTeX Font Info:    ... okay on input line 40.
LaTeX Font Info:    Checking defaults for OT1/cmr/m/n on input line 40.
LaTeX Font Info:    ... okay on input line 40.
LaTeX Font Info:    Checking defaults for OMS/cmsy/m/n on input line 40.
LaTeX Font Info:    ... okay on input line 40.
LaTeX Font Info:    Checking defaults for OMX/cmex/m/n on input line 40.
LaTeX Font Info:    ... okay on input line 40.
LaTeX Font Info:    Checking defaults for U/cmr/m/n on input line 40.
LaTeX Font Info:    ... okay on input line 40.
-------------------- Geometry parameters
paper: class default
landscape: --
twocolumn: --
twoside: --
asymmetric: --
h-parts: 71.13188pt, 472.03123pt, 71.13188pt
v-parts: 71.13188pt, 652.70622pt, 71.13188pt
hmarginratio: --
vmarginratio: --
lines: --
heightrounded: --
bindingoffset: 0.0pt
truedimen: --
includehead: --
includefoot: --
includemp: --
driver: pdftex
-------------------- Page layout dimensions and switches
\paperwidth  614.295pt
\paperheight 794.96999pt
\textwidth  472.03123pt
\textheight 652.70622pt
\oddsidemargin  -1.1381pt
\evensidemargin -1.1381pt
\topmargin  -38.1381pt
\headheight 12.0pt
\headsep    25.0pt
\footskip   30.0pt
\marginparwidth 44.0pt
\marginparsep   10.0pt
\columnsep  10.0pt
\skip\footins  10.8pt plus 4.0pt minus 2.0pt
\hoffset 0.0pt
\voffset 0.0pt
\mag 1000

(1in=72.27pt, 1cm=28.45pt)
-----------------------
LaTeX Font Info:    Try loading font information for U+msa on input line 50.
 (/usr/share/texmf/tex/latex/amsfonts/umsa.fd
File: umsa.fd 2002/01/19 v2.2g AMS font definitions
)
LaTeX Font Info:    Try loading font information for U+msb on input line 50.

(/usr/share/texmf/tex/latex/amsfonts/umsb.fd
File: umsb.fd 2002/01/19 v2.2g AMS font definitions
) [1

{/usr/share/texmf/fonts/map/pdftex/updmap/pdftex.map}] (./probelatest.toc)
\tf@toc=\write3
\openout3 = `probelatest.toc'.

 [2

]
Missing character: There is no ‚ in font cmbx12!
Missing character: There is no Ä in font cmbx12!
Missing character: There is no ¢ in font cmbx12!
Missing character: There is no ‚ in font cmr12!
Missing character: There is no Ä in font cmr12!
Missing character: There is no ô in font cmr12!
Missing character: There is no ‚ in font cmr12!
Missing character: There is no Ä in font cmr12!
Missing character: There is no ú in font cmr12!
Missing character: There is no ‚ in font cmr12!
Missing character: There is no Ä in font cmr12!
Missing character: There is no ù in font cmr12!
Missing character: There is no ‚ in font cmr12!
Missing character: There is no Ä in font cmr12!
Missing character: There is no ì in font cmr12!
 [3

] [4]

LaTeX Warning: Citation `Harlow' on page 5 undefined on input line 85.

<grid.png, id=17, 426.59375pt x 381.425pt>
File: grid.png Graphic file (type png)
 <use grid.png>

LaTeX Warning: Citation `grid' on page 5 undefined on input line 89.


LaTeX Warning: Citation `grid' on page 5 undefined on input line 89.

[5] <piccycle.png, id=22, 999.735pt x 493.845pt>
File: piccycle.png Graphic file (type png)
 <use piccycle.png>

LaTeX Warning: Citation `loop' on page 6 undefined on input line 99.

[6 <./grid.png (PNG copy)>]
<particleshape.png, id=26, 795.97375pt x 589.20125pt>
File: particleshape.png Graphic file (type png)
 <use particleshape.png>

LaTeX Warning: Citation `shape' on page 7 undefined on input line 121.

[7 <./piccycle.png (PNG copy)>] [8 <./particleshape.png (PNG copy)>]

LaTeX Warning: Citation `NumericalRecipes' on page 9 undefined on input line 19
2.

[9] [10] [11] <Euler.png, id=48, 586.8324pt x 442.2924pt>
File: Euler.png Graphic file (type png)
 <use Euler.png>
[12]

LaTeX Warning: Citation `Hockney1981' on page 13 undefined on input line 315.

[13 <./Euler.png>]

! LaTeX Error: File `Leapfrog' not found.

See the LaTeX manual or LaTeX Companion for explanation.
Type  H <return>  for immediate help.
 ...                                              
                                                  
l.329 ...degraphics[width=0.8\textwidth]{Leapfrog}
                                                  
I could not locate the file with any of these extensions:
.png,.pdf,.jpg,.mps,.jpeg,.jbig2,.jb2.PNG,.PDF,.JPG,.JPEG,.JBIG2,.JB2
Try typing  <return>  to proceed.
If that doesn't work, type  X <return>  to quit.


LaTeX Warning: Citation `shape' on page 14 undefined on input line 330.


LaTeX Warning: Citation `second_order' on page 14 undefined on input line 333.

<leapfrog.png, id=57, 957.5775pt x 147.55125pt>
File: leapfrog.png Graphic file (type png)
 <use leapfrog.png> [14 <./leapfrog.png (PNG copy)>]
Missing character: There is no ‚ in font cmr12!
Missing character: There is no Ä in font cmr12!
Missing character: There is no ú in font cmr12!
Missing character: There is no ‚ in font cmr12!
Missing character: There is no Ä in font cmr12!
Missing character: There is no ù in font cmr12!


LaTeX Warning: Citation `Birdsall1997141' on page 15 undefined on input line 37
3.

[15]

LaTeX Warning: Reference `phisolver1' on page 16 undefined on input line 405.

[16]

Package amsfonts Warning: Obsolete command \bold; \mathbf should be used instea
d on input line 438.


LaTeX Warning: Citation `selfforce' on page 17 undefined on input line 453.

[17] [18] [19] <keandpe.png, id=78, 586.8324pt x 442.2924pt>
File: keandpe.png Graphic file (type png)
 <use keandpe.png>
<cold_results.png, id=79, 586.8324pt x 442.2924pt>
File: cold_results.png Graphic file (type png)
 <use cold_results.png>

LaTeX Warning: `h' float specifier changed to `ht'.

[20 <./keandpe.png>] [21 <./cold_results.png>]
<KineticEnergy.png, id=88, 586.8324pt x 442.2924pt>
File: KineticEnergy.png Graphic file (type png)
 <use KineticEnergy.png>
<FieldEnergy.png, id=89, 586.8324pt x 442.2924pt>
File: FieldEnergy.png Graphic file (type png)
 <use FieldEnergy.png>
Underfull \hbox (badness 2150) in paragraph at lines 573--573
[]\OT1/cmr/m/n/12 Figure 10: Ac-tual Ver-sus Pre-dicted:
 []

<ThermalEnergy.png, id=90, 586.8324pt x 442.2924pt>
File: ThermalEnergy.png Graphic file (type png)
 <use ThermalEnergy.png>
<TotalEnergy.png, id=91, 586.8324pt x 442.2924pt>
File: TotalEnergy.png Graphic file (type png)
 <use TotalEnergy.png>
Underfull \hbox (badness 2150) in paragraph at lines 586--586
[]\OT1/cmr/m/n/12 Figure 12: Ac-tual Ver-sus Pre-dicted:
 []

[22 <./KineticEnergy.png> <./FieldEnergy.png> <./ThermalEnergy.png> <./TotalEne
rgy.png>]

LaTeX Warning: Citation `sheathformation' on page 23 undefined on input line 60
7.

<stangebysheath.png, id=99, 1324.95pt x 498.86375pt>
File: stangebysheath.png Graphic file (type png)
 <use stangebysheath.png>

LaTeX Warning: Citation `stangeby-2000' on page 23 undefined on input line 611.



LaTeX Warning: Citation `stangeby-2000' on page 23 undefined on input line 611.


[23] [24 <./stangebysheath.png>] [25]
<graphofpotentialanddensity.png, id=112, 586.8324pt x 442.2924pt>
File: graphofpotentialanddensity.png Graphic file (type png)

<use graphofpotentialanddensity.png>

LaTeX Warning: Citation `0963-0252-18-1-014004' on page 26 undefined on input l
ine 736.


LaTeX Warning: Citation `picmaster' on page 26 undefined on input line 737.


LaTeX Warning: Citation `matthews' on page 26 undefined on input line 787.


LaTeX Warning: Citation `mottsmith' on page 26 undefined on input line 787.

[26 <./graphofpotentialanddensity.png>]

LaTeX Warning: Citation `probetheoryandpractise' on page 27 undefined on input 
line 789.

[27]

LaTeX Warning: Citation `chen-notes' on page 28 undefined on input line 806.

<monkiv.png, id=120, 721.69624pt x 727.71875pt>
File: monkiv.png Graphic file (type png)
 <use monkiv.png>

LaTeX Warning: Citation `monk' on page 28 undefined on input line 816.

[28] [29 <./monkiv.png (PNG copy)>] [30] [31]

LaTeX Warning: Citation `discharges' on page 32 undefined on input line 913.


LaTeX Warning: Citation `monk' on page 32 undefined on input line 913.


LaTeX Warning: Citation `matthews' on page 32 undefined on input line 913.

[32]

LaTeX Warning: Citation `te-determination' on page 33 undefined on input line 9
24.


LaTeX Warning: Citation `probe-response' on page 33 undefined on input line 924
.

<collectionlength.png, id=137, 1185.42876pt x 584.1825pt>
File: collectionlength.png Graphic file (type png)

<use collectionlength.png>

LaTeX Warning: Citation `bias-probes' on page 33 undefined on input line 932.


LaTeX Warning: Citation `bias-probes' on page 33 undefined on input line 932.

[33] <sheathcircuit.png, id=141, 996.72375pt x 437.635pt>
File: sheathcircuit.png Graphic file (type png)

<use sheathcircuit.png>

LaTeX Warning: Citation `te-determination' on page 34 undefined on input line 9
45.

[34 <./collectionlength.png (PNG copy)> <./sheathcircuit.png (PNG copy)>]
[35]

LaTeX Warning: Citation `discharges' on page 36 undefined on input line 966.

[36]

LaTeX Warning: Citation `matthews' on page 37 undefined on input line 1000.

<doubleprobe.png, id=152, 734.745pt x 530.98375pt>
File: doubleprobe.png Graphic file (type png)
 <use doubleprobe.png>

LaTeX Warning: Citation `Guenther1990236' on page 37 undefined on input line 10
12.

[37] <pinprobe.png, id=157, 1013.7875pt x 691.58376pt>
File: pinprobe.png Graphic file (type png)
 <use pinprobe.png>
[38 <./doubleprobe.png (PNG copy)>]
<DITE.png, id=161, 384.43625pt x 708.6475pt>
File: DITE.png Graphic file (type png)
 <use DITE.png>

LaTeX Warning: Citation `te-determination' on page 39 undefined on input line 1
036.


LaTeX Warning: Citation `te-determination' on page 39 undefined on input line 1
036.

[39 <./pinprobe.png (PNG copy)>]

LaTeX Warning: Citation `T1-T2' on page 40 undefined on input line 1039.


LaTeX Warning: Citation `stangeby-2000' on page 40 undefined on input line 1044
.

<flushmounted.png, id=165, 888.31876pt x 762.85pt>
File: flushmounted.png Graphic file (type png)
 <use flushmounted.png>
[40 <./DITE.png (PNG copy)>] <angle.png, id=169, 854.19125pt x 812.03375pt>
File: angle.png Graphic file (type png)

<use angle.png>

LaTeX Warning: Citation `tilting' on page 41 undefined on input line 1060.

[41 <./flushmounted.png (PNG copy)>]
<lpangle.png, id=173, 536.0025pt x 610.28pt>
File: lpangle.png Graphic file (type png)
 <use lpangle.png>

LaTeX Warning: Citation `tilting' on page 42 undefined on input line 1067.


LaTeX Warning: Citation `tilting' on page 42 undefined on input line 1067.

[42 <./angle.png (PNG copy)>] [43 <./lpangle.png (PNG copy)>]
Missing character: There is no ‚ in font cmr12!
Missing character: There is no Ä in font cmr12!
Missing character: There is no ú in font cmr12!
Missing character: There is no ‚ in font cmr12!
Missing character: There is no Ä in font cmr12!
Missing character: There is no ù in font cmr12!
Missing character: There is no Œ in font cmr12!
Missing character: There is no ± in font cmr12!
Missing character: There is no √ in font cmr12!
Missing character: There is no † in font cmr12!
Missing character: There is no Œ in font cmr12!
Missing character: There is no ± in font cmr12!
Missing character: There is no √ in font cmr12!
Missing character: There is no † in font cmr12!

(./probelatest.bbl) [44] (./probelatest.aux)

LaTeX Warning: There were undefined references.


LaTeX Warning: There were multiply-defined labels.

 ) 
Here is how much of TeX's memory you used:
 2466 strings out of 256216
 29913 string characters out of 1917072
 87429 words of memory out of 1500000
 5691 multiletter control sequences out of 10000+200000
 13033 words of font info for 50 fonts, out of 1200000 for 2000
 645 hyphenation exceptions out of 8191
 27i,10n,32p,1725b,276s stack positions out of 5000i,500n,6000p,200000b,15000s
</usr/share/texmf/fonts/type1/bluesky/cm/cmbx12.pfb></usr/share/texmf/fonts/t
ype1/bluesky/cm/cmex10.pfb></usr/share/texmf/fonts/type1/bluesky/cm/cmmi12.pfb>
</usr/share/texmf/fonts/type1/bluesky/cm/cmmi6.pfb></usr/share/texmf/fonts/type
1/bluesky/cm/cmmi8.pfb></usr/share/texmf/fonts/type1/bluesky/cm/cmr12.pfb></usr
/share/texmf/fonts/type1/bluesky/cm/cmr17.pfb></usr/share/texmf/fonts/type1/blu
esky/cm/cmr6.pfb></usr/share/texmf/fonts/type1/bluesky/cm/cmr8.pfb></usr/share/
texmf/fonts/type1/bluesky/cm/cmsy10.pfb></usr/share/texmf/fonts/type1/bluesky/c
m/cmsy6.pfb></usr/share/texmf/fonts/type1/bluesky/cm/cmsy8.pfb>
Output written on probelatest.pdf (44 pages, 1466946 bytes).
PDF statistics:
 224 PDF objects out of 1000 (max. 8388607)
 0 named destinations out of 1000 (max. 131072)
 111 words of extra memory for PDF output out of 10000 (max. 10000000)

