This is pdfTeX, Version 3.14159265-2.6-1.40.16 (TeX Live 2015) (preloaded format=pdflatex 2016.2.2)  28 JUN 2017 13:27
entering extended mode
 restricted \write18 enabled.
 %&-line parsing enabled.
**chapter_6_seperate.tex
(./chapter_6_seperate.tex
LaTeX2e <2016/02/01>
Babel <3.9n> and hyphenation patterns for 79 languages loaded.
(/usr/local/texlive/2015/texmf-dist/tex/latex/base/article.cls
Document Class: article 2014/09/29 v1.4h Standard LaTeX document class
(/usr/local/texlive/2015/texmf-dist/tex/latex/base/size12.clo
File: size12.clo 2014/09/29 v1.4h Standard LaTeX file (size option)
)
\c@part=\count79
\c@section=\count80
\c@subsection=\count81
\c@subsubsection=\count82
\c@paragraph=\count83
\c@subparagraph=\count84
\c@figure=\count85
\c@table=\count86
\abovecaptionskip=\skip41
\belowcaptionskip=\skip42
\bibindent=\dimen102
)
(/usr/local/texlive/2015/texmf-dist/tex/latex/graphics/graphicx.sty
Package: graphicx 2014/10/28 v1.0g Enhanced LaTeX Graphics (DPC,SPQR)

(/usr/local/texlive/2015/texmf-dist/tex/latex/graphics/keyval.sty
Package: keyval 2014/10/28 v1.15 key=value parser (DPC)
\KV@toks@=\toks14
)
(/usr/local/texlive/2015/texmf-dist/tex/latex/graphics/graphics.sty
Package: graphics 2016/01/03 v1.0q Standard LaTeX Graphics (DPC,SPQR)

(/usr/local/texlive/2015/texmf-dist/tex/latex/graphics/trig.sty
Package: trig 2016/01/03 v1.10 sin cos tan (DPC)
)
(/usr/local/texlive/2015/texmf-dist/tex/latex/latexconfig/graphics.cfg
File: graphics.cfg 2010/04/23 v1.9 graphics configuration of TeX Live
)
Package graphics Info: Driver file: pdftex.def on input line 95.

(/usr/local/texlive/2015/texmf-dist/tex/latex/pdftex-def/pdftex.def
File: pdftex.def 2011/05/27 v0.06d Graphics/color for pdfTeX

(/usr/local/texlive/2015/texmf-dist/tex/generic/oberdiek/infwarerr.sty
Package: infwarerr 2010/04/08 v1.3 Providing info/warning/error messages (HO)
)
(/usr/local/texlive/2015/texmf-dist/tex/generic/oberdiek/ltxcmds.sty
Package: ltxcmds 2011/11/09 v1.22 LaTeX kernel commands for general use (HO)
)
\Gread@gobject=\count87
))
\Gin@req@height=\dimen103
\Gin@req@width=\dimen104
)
(/usr/local/texlive/2015/texmf-dist/tex/latex/notoccite/notoccite.sty
Package: notoccite 2000/07/20
)
(/usr/local/texlive/2015/texmf-dist/tex/latex/epigraph/epigraph.sty
Package: epigraph 2009/09/02 v1.5c typesetting epigraphs
\beforeepigraphskip=\skip43
\afterepigraphskip=\skip44
\epigraphwidth=\skip45
\epigraphrule=\skip46
)
(/usr/local/texlive/2015/texmf-dist/tex/latex/float/float.sty
Package: float 2001/11/08 v1.3d Float enhancements (AL)
\c@float@type=\count88
\float@exts=\toks15
\float@box=\box26
\@float@everytoks=\toks16
\@floatcapt=\box27
)
(/usr/local/texlive/2015/texmf-dist/tex/latex/url/url.sty
\Urlmuskip=\muskip10
Package: url 2013/09/16  ver 3.4  Verb mode for urls, etc.
)
(/usr/local/texlive/2015/texmf-dist/tex/latex/natbib/natbib.sty
Package: natbib 2010/09/13 8.31b (PWD, AO)
\bibhang=\skip47
\bibsep=\skip48
LaTeX Info: Redefining \cite on input line 694.
\c@NAT@ctr=\count89
)
(/usr/local/texlive/2015/texmf-dist/tex/latex/tools/verbatim.sty
Package: verbatim 2014/10/28 v1.5q LaTeX2e package for verbatim enhancements
\every@verbatim=\toks17
\verbatim@line=\toks18
\verbatim@in@stream=\read1
)
(/usr/local/texlive/2015/texmf-dist/tex/latex/listings/listings.sty
\lst@mode=\count90
\lst@gtempboxa=\box28
\lst@token=\toks19
\lst@length=\count91
\lst@currlwidth=\dimen105
\lst@column=\count92
\lst@pos=\count93
\lst@lostspace=\dimen106
\lst@width=\dimen107
\lst@newlines=\count94
\lst@lineno=\count95
\lst@maxwidth=\dimen108

(/usr/local/texlive/2015/texmf-dist/tex/latex/listings/lstmisc.sty
File: lstmisc.sty 2015/06/04 1.6 (Carsten Heinz)
\c@lstnumber=\count96
\lst@skipnumbers=\count97
\lst@framebox=\box29
)
(/usr/local/texlive/2015/texmf-dist/tex/latex/listings/listings.cfg
File: listings.cfg 2015/06/04 1.6 listings configuration
))
Package: listings 2015/06/04 1.6 (Carsten Heinz)

(/usr/local/texlive/2015/texmf-dist/tex/latex/tools/array.sty
Package: array 2014/10/28 v2.4c Tabular extension package (FMi)
\col@sep=\dimen109
\extrarowheight=\dimen110
\NC@list=\toks20
\extratabsurround=\skip49
\backup@length=\skip50
) (./vector.sty
Package: vector 1994/09/16 v1.0 vector macros for LaTeX2e (nde)

(/usr/local/texlive/2015/texmf-dist/tex/latex/base/ifthen.sty
Package: ifthen 2014/09/29 v1.1c Standard LaTeX ifthen package (DPC)
)
(/usr/local/texlive/2015/texmf-dist/tex/latex/tools/calc.sty
Package: calc 2014/10/28 v4.3 Infix arithmetic (KKT,FJ)
\calc@Acount=\count98
\calc@Bcount=\count99
\calc@Adimen=\dimen111
\calc@Bdimen=\dimen112
\calc@Askip=\skip51
\calc@Bskip=\skip52
LaTeX Info: Redefining \setlength on input line 80.
LaTeX Info: Redefining \addtolength on input line 81.
\calc@Ccount=\count100
\calc@Cskip=\skip53
)
\c@vec@elem=\count101
)
(/usr/local/texlive/2015/texmf-dist/tex/latex/amsmath/amsmath.sty
Package: amsmath 2013/01/14 v2.14 AMS math features
\@mathmargin=\skip54

For additional information on amsmath, use the `?' option.
(/usr/local/texlive/2015/texmf-dist/tex/latex/amsmath/amstext.sty
Package: amstext 2000/06/29 v2.01

(/usr/local/texlive/2015/texmf-dist/tex/latex/amsmath/amsgen.sty
File: amsgen.sty 1999/11/30 v2.0
\@emptytoks=\toks21
\ex@=\dimen113
))
(/usr/local/texlive/2015/texmf-dist/tex/latex/amsmath/amsbsy.sty
Package: amsbsy 1999/11/29 v1.2d
\pmbraise@=\dimen114
)
(/usr/local/texlive/2015/texmf-dist/tex/latex/amsmath/amsopn.sty
Package: amsopn 1999/12/14 v2.01 operator names
)
\inf@bad=\count102
LaTeX Info: Redefining \frac on input line 210.
\uproot@=\count103
\leftroot@=\count104
LaTeX Info: Redefining \overline on input line 306.
\classnum@=\count105
\DOTSCASE@=\count106
LaTeX Info: Redefining \ldots on input line 378.
LaTeX Info: Redefining \dots on input line 381.
LaTeX Info: Redefining \cdots on input line 466.
\Mathstrutbox@=\box30
\strutbox@=\box31
\big@size=\dimen115
LaTeX Font Info:    Redeclaring font encoding OML on input line 566.
LaTeX Font Info:    Redeclaring font encoding OMS on input line 567.
\macc@depth=\count107
\c@MaxMatrixCols=\count108
\dotsspace@=\muskip11
\c@parentequation=\count109
\dspbrk@lvl=\count110
\tag@help=\toks22
\row@=\count111
\column@=\count112
\maxfields@=\count113
\andhelp@=\toks23
\eqnshift@=\dimen116
\alignsep@=\dimen117
\tagshift@=\dimen118
\tagwidth@=\dimen119
\totwidth@=\dimen120
\lineht@=\dimen121
\@envbody=\toks24
\multlinegap=\skip55
\multlinetaggap=\skip56
\mathdisplay@stack=\toks25
LaTeX Info: Redefining \[ on input line 2665.
LaTeX Info: Redefining \] on input line 2666.
)
(/usr/local/texlive/2015/texmf-dist/tex/latex/amsfonts/amsfonts.sty
Package: amsfonts 2013/01/14 v3.01 Basic AMSFonts support
\symAMSa=\mathgroup4
\symAMSb=\mathgroup5
LaTeX Font Info:    Overwriting math alphabet `\mathfrak' in version `bold'
(Font)                  U/euf/m/n --> U/euf/b/n on input line 106.
)
(/usr/local/texlive/2015/texmf-dist/tex/latex/amscls/amsthm.sty
Package: amsthm 2015/03/04 v2.20.2
\thm@style=\toks26
\thm@bodyfont=\toks27
\thm@headfont=\toks28
\thm@notefont=\toks29
\thm@headpunct=\toks30
\thm@preskip=\skip57
\thm@postskip=\skip58
\thm@headsep=\skip59
\dth@everypar=\toks31
)
(/usr/local/texlive/2015/texmf-dist/tex/latex/graphics/color.sty
Package: color 2016/01/03 v1.1b Standard LaTeX Color (DPC)

(/usr/local/texlive/2015/texmf-dist/tex/latex/latexconfig/color.cfg
File: color.cfg 2007/01/18 v1.5 color configuration of teTeX/TeXLive
)
Package color Info: Driver file: pdftex.def on input line 143.
)
(/usr/local/texlive/2015/texmf-dist/tex/latex/psfrag/psfrag.sty
Package: psfrag 1998/04/11 v3.04 PSfrag (MCG)
\pfg@pcount=\count114
\pfg@scount=\count115
\pfg@temp=\write3
)
(/usr/local/texlive/2015/texmf-dist/tex/generic/epsf/epsf.sty
This is `epsf.tex' v2.7.4 <14 February 2011>
\epsffilein=\read2
\epsfframemargin=\dimen122
\epsfframethickness=\dimen123
\epsfrsize=\dimen124
\epsftmp=\dimen125
\epsftsize=\dimen126
\epsfxsize=\dimen127
\epsfysize=\dimen128
\pspoints=\dimen129
) (/usr/local/texlive/2015/texmf-dist/tex/latex/tools/enumerate.sty
Package: enumerate 2015/07/23 v3.00 enumerate extensions (DPC)
\@enLab=\toks32
)
(/usr/local/texlive/2015/texmf-dist/tex/latex/caption/caption.sty
Package: caption 2015/09/17 v3.3-111 Customizing captions (AR)

(/usr/local/texlive/2015/texmf-dist/tex/latex/caption/caption3.sty
Package: caption3 2015/09/20 v1.7-115 caption3 kernel (AR)
Package caption3 Info: TeX engine: e-TeX on input line 57.
\captionmargin=\dimen130
\captionmargin@=\dimen131
\captionwidth=\dimen132
\caption@tempdima=\dimen133
\caption@indent=\dimen134
\caption@parindent=\dimen135
\caption@hangindent=\dimen136
)
\c@ContinuedFloat=\count116
Package caption Info: float package is loaded.
Package caption Info: listings package is loaded.
)
(/usr/local/texlive/2015/texmf-dist/tex/latex/algorithm2e/algorithm2e.sty
Package: algorithm2e 2013/01/06 v5.00 algorithms environments
\c@AlgoLine=\count117
\algocf@hangindent=\skip60

(/usr/local/texlive/2015/texmf-dist/tex/latex/tools/xspace.sty
Package: xspace 2014/10/28 v1.13 Space after command names (DPC,MH)
)
(/usr/local/texlive/2015/texmf-dist/tex/latex/relsize/relsize.sty
Package: relsize 2013/03/29 ver 4.1
)
********************************************************
Package `algorithm2e' Release 5.1 -- october 19 2015 --
- algorithm2e-announce@lirmm.fr mailing list for announcement about releases
- algorithm2e-discussion@lirmm.fr mailing list for discussion about package
subscribe by emailing sympa@lirmm.fr with 'subscribe <list> <firstname name>'
- Author: Christophe Fiorio (christophe.fiorio@umontpellier.fr)
********************************************************
\skiptotal=\skip61
\skiplinenumber=\skip62
\skiprule=\skip63
\skiphlne=\skip64
\skiptext=\skip65
\skiplength=\skip66
\algomargin=\skip67
\skipalgocfslide=\skip68
\algowidth=\dimen137
\inoutsize=\dimen138
\inoutindent=\dimen139
\interspacetitleruled=\dimen140
\interspacealgoruled=\dimen141
\interspacetitleboxruled=\dimen142
\algocf@ruledwidth=\skip69
\algocf@inoutbox=\box32
\algocf@inputbox=\box33
\AlCapSkip=\skip70
\AlCapHSkip=\skip71
\algoskipindent=\skip72
\algocf@nlbox=\box34
\algocf@hangingbox=\box35
\algocf@untilbox=\box36
\algocf@skipuntil=\skip73
\algocf@capbox=\box37
\algoheightruledefault=\skip74
\algoheightrule=\skip75
\algotitleheightruledefault=\skip76
\algotitleheightrule=\skip77
\c@algocfline=\count118
\c@algocfproc=\count119
\c@algocf=\count120
\algocf@algoframe=\box38
\algocf@algobox=\box39
) (./chapter_6_seperate.aux

LaTeX Warning: Label `fig:emissive' multiply defined.


LaTeX Warning: Label `fig:emissive' multiply defined.

)
\openout1 = `chapter_6_seperate.aux'.

LaTeX Font Info:    Checking defaults for OML/cmm/m/it on input line 54.
LaTeX Font Info:    ... okay on input line 54.
LaTeX Font Info:    Checking defaults for T1/cmr/m/n on input line 54.
LaTeX Font Info:    ... okay on input line 54.
LaTeX Font Info:    Checking defaults for OT1/cmr/m/n on input line 54.
LaTeX Font Info:    ... okay on input line 54.
LaTeX Font Info:    Checking defaults for OMS/cmsy/m/n on input line 54.
LaTeX Font Info:    ... okay on input line 54.
LaTeX Font Info:    Checking defaults for OMX/cmex/m/n on input line 54.
LaTeX Font Info:    ... okay on input line 54.
LaTeX Font Info:    Checking defaults for U/cmr/m/n on input line 54.
LaTeX Font Info:    ... okay on input line 54.
 (/usr/local/texlive/2015/texmf-dist/tex/context/base/supp-pdf.mkii
[Loading MPS to PDF converter (version 2006.09.02).]
\scratchcounter=\count121
\scratchdimen=\dimen143
\scratchbox=\box40
\nofMPsegments=\count122
\nofMParguments=\count123
\everyMPshowfont=\toks33
\MPscratchCnt=\count124
\MPscratchDim=\dimen144
\MPnumerator=\count125
\makeMPintoPDFobject=\count126
\everyMPtoPDFconversion=\toks34
) (/usr/local/texlive/2015/texmf-dist/tex/generic/oberdiek/pdftexcmds.sty
Package: pdftexcmds 2011/11/29 v0.20 Utility functions of pdfTeX for LuaTeX (HO
)

(/usr/local/texlive/2015/texmf-dist/tex/generic/oberdiek/ifluatex.sty
Package: ifluatex 2010/03/01 v1.3 Provides the ifluatex switch (HO)
Package ifluatex Info: LuaTeX not detected.
)
(/usr/local/texlive/2015/texmf-dist/tex/generic/oberdiek/ifpdf.sty
Package: ifpdf 2011/01/30 v2.3 Provides the ifpdf switch (HO)
Package ifpdf Info: pdfTeX in PDF mode is detected.
)
Package pdftexcmds Info: LuaTeX not detected.
Package pdftexcmds Info: \pdf@primitive is available.
Package pdftexcmds Info: \pdf@ifprimitive is available.
Package pdftexcmds Info: \pdfdraftmode found.
)
(/usr/local/texlive/2015/texmf-dist/tex/latex/oberdiek/epstopdf-base.sty
Package: epstopdf-base 2010/02/09 v2.5 Base part for package epstopdf

(/usr/local/texlive/2015/texmf-dist/tex/latex/oberdiek/grfext.sty
Package: grfext 2010/08/19 v1.1 Manage graphics extensions (HO)

(/usr/local/texlive/2015/texmf-dist/tex/generic/oberdiek/kvdefinekeys.sty
Package: kvdefinekeys 2011/04/07 v1.3 Define keys (HO)
))
(/usr/local/texlive/2015/texmf-dist/tex/latex/oberdiek/kvoptions.sty
Package: kvoptions 2011/06/30 v3.11 Key value format for package options (HO)

(/usr/local/texlive/2015/texmf-dist/tex/generic/oberdiek/kvsetkeys.sty
Package: kvsetkeys 2012/04/25 v1.16 Key value parser (HO)

(/usr/local/texlive/2015/texmf-dist/tex/generic/oberdiek/etexcmds.sty
Package: etexcmds 2011/02/16 v1.5 Avoid name clashes with e-TeX commands (HO)
Package etexcmds Info: Could not find \expanded.
(etexcmds)             That can mean that you are not using pdfTeX 1.50 or
(etexcmds)             that some package has redefined \expanded.
(etexcmds)             In the latter case, load this package earlier.
)))
Package grfext Info: Graphics extension search list:
(grfext)             [.png,.pdf,.jpg,.mps,.jpeg,.jbig2,.jb2,.PNG,.PDF,.JPG,.JPE
G,.JBIG2,.JB2,.eps]
(grfext)             \AppendGraphicsExtensions on input line 452.

(/usr/local/texlive/2015/texmf-dist/tex/latex/latexconfig/epstopdf-sys.cfg
File: epstopdf-sys.cfg 2010/07/13 v1.3 Configuration of (r)epstopdf for TeX Liv
e
))
\c@lstlisting=\count127
Package caption Info: Begin \AtBeginDocument code.
Package caption Info: End \AtBeginDocument code.


Package natbib Warning: Citation `alow_temp' on page 1 undefined on input line 
60.

LaTeX Font Info:    Try loading font information for U+msa on input line 60.
(/usr/local/texlive/2015/texmf-dist/tex/latex/amsfonts/umsa.fd
File: umsa.fd 2013/01/14 v3.01 AMS symbols A
)
LaTeX Font Info:    Try loading font information for U+msb on input line 60.

(/usr/local/texlive/2015/texmf-dist/tex/latex/amsfonts/umsb.fd
File: umsb.fd 2013/01/14 v3.01 AMS symbols B
) [1
Non-PDF special ignored!

{/usr/local/texlive/2015/texmf-var/fonts/map/pdftex/updmap/pdftex.map}] <Chambe
rSchematic4.jpg, id=12, 963.6pt x 566.115pt>
File: ChamberSchematic4.jpg Graphic file (type jpg)

<use ChamberSchematic4.jpg>
Package pdftex.def Info: ChamberSchematic4.jpg used on input line 68.
(pdftex.def)             Requested size: 390.0pt x 229.11983pt.


LaTeX Warning: Reference `Sec:impedance' on page 2 undefined on input line 75.

[2 <./ChamberSchematic4.jpg>] [3] [4]
<em_circuit.png, id=25, 638.385pt x 498.86375pt>
File: em_circuit.png Graphic file (type png)
 <use em_circuit.png>
Package pdftex.def Info: em_circuit.png used on input line 209.
(pdftex.def)             Requested size: 389.99873pt x 227.62277pt.

Overfull \hbox (1.57983pt too wide) in paragraph at lines 228--228
[]\OT1/cmr/bx/n/17.28 High Impedance Cir-cuit for Ball-Pen Probe
 []

<basic_circuit.pdf, id=26, 548.52861pt x 170.76888pt>
File: basic_circuit.pdf Graphic file (type pdf)
 <use basic_circuit.pdf>
Package pdftex.def Info: basic_circuit.pdf used on input line 233.
(pdftex.def)             Requested size: 390.0pt x 121.42133pt.

[5 <./em_circuit.png>] <divider_circuit.pdf, id=30, 548.52861pt x 169.48067pt>
File: divider_circuit.pdf Graphic file (type pdf)

<use divider_circuit.pdf>
Package pdftex.def Info: divider_circuit.pdf used on input line 242.
(pdftex.def)             Requested size: 390.0pt x 120.50537pt.
 [6 <./basic_circuit.pdf>]
<increasing_R.pdf, id=55, 676.92903pt x 539.61598pt>
File: increasing_R.pdf Graphic file (type pdf)
 <use increasing_R.pdf>
Package pdftex.def Info: increasing_R.pdf used on input line 258.
(pdftex.def)             Requested size: 390.00586pt x 199.16899pt.

[7 <./divider_circuit.pdf>] <op_amp.pdf, id=81, 297.95924pt x 176.00478pt>
File: op_amp.pdf Graphic file (type pdf)

<use op_amp.pdf>
Package pdftex.def Info: op_amp.pdf used on input line 266.
(pdftex.def)             Requested size: 390.02483pt x 227.62718pt.
 [8 <./increasing_R.pdf> <./op_amp.pdf

pdfTeX warning: pdflatex (file ./op_amp.pdf): PDF inclusion: multiple pdfs with
 page group included in a single page
>] <emVSlp.png, id=109, 888.31876pt x 718.685pt>
File: emVSlp.png Graphic file (type png)
 <use emVSlp.png>
Package pdftex.def Info: emVSlp.png used on input line 282.
(pdftex.def)             Requested size: 389.99396pt x 284.52995pt.
 [9 <./emVSlp.png>] <field_investigation.png, id=113, 649.42625pt x 522.95375pt
>
File: field_investigation.png Graphic file (type png)

<use field_investigation.png>
Package pdftex.def Info: field_investigation.png used on input line 296.
(pdftex.def)             Requested size: 390.00558pt x 284.52936pt.
 [10 <./field_investigation.png>]
<flat_low_pressure.png, id=117, 647.41875pt x 528.97626pt>
File: flat_low_pressure.png Graphic file (type png)

<use flat_low_pressure.png>
Package pdftex.def Info: flat_low_pressure.png used on input line 308.
(pdftex.def)             Requested size: 195.0pt x 159.32367pt.

<flat_high_pressure.png, id=118, 653.44125pt x 518.93875pt>
File: flat_high_pressure.png Graphic file (type png)

<use flat_high_pressure.png>
Package pdftex.def Info: flat_high_pressure.png used on input line 312.
(pdftex.def)             Requested size: 195.0pt x 154.85931pt.
 [11]

Package natbib Warning: Citation `low_T' on page 12 undefined on input line 341
.


LaTeX Warning: No positions in optional float specifier.
               Default added (so using `tbp') on input line 343.

<sim_data.pdf, id=122, 587.19376pt x 442.65375pt>
File: sim_data.pdf Graphic file (type pdf)
 <use sim_data.pdf>
Package pdftex.def Info: sim_data.pdf used on input line 365.
(pdftex.def)             Requested size: 390.0pt x 293.99629pt.
 [12 <./flat_low_pressure.png> <./flat_high_pressure.png>] [13 <./sim_data.pdf>
]
<tap_4mm.png, id=162, 770.88pt x 616.3025pt>
File: tap_4mm.png Graphic file (type png)
 <use tap_4mm.png>
Package pdftex.def Info: tap_4mm.png used on input line 393.
(pdftex.def)             Requested size: 195.0pt x 155.89021pt.

<flat_4mm.png, id=163, 784.9325pt x 628.3475pt>
File: flat_4mm.png Graphic file (type png)
 <use flat_4mm.png>
Package pdftex.def Info: flat_4mm.png used on input line 397.
(pdftex.def)             Requested size: 195.0pt x 156.09894pt.
 [14 <./tap_4mm.png> <./flat_4mm.png>] <summary.png, id=167, 771.88374pt x 644.
4075pt>
File: summary.png Graphic file (type png)

<use summary.png>
Package pdftex.def Info: summary.png used on input line 419.
(pdftex.def)             Requested size: 389.99254pt x 284.5333pt.
 [15 <./summary.png>]
<current1.png, id=171, 796.9775pt x 636.3775pt>
File: current1.png Graphic file (type png)
 <use current1.png>
Package pdftex.def Info: current1.png used on input line 430.
(pdftex.def)             Requested size: 175.49881pt x 140.12971pt.

<current2.png, id=172, 797.98125pt x 632.3625pt>
File: current2.png Graphic file (type png)
 <use current2.png>
Package pdftex.def Info: current2.png used on input line 431.
(pdftex.def)             Requested size: 175.49881pt x 139.07193pt.

<current3.png, id=173, 789.95125pt x 639.38875pt>
File: current3.png Graphic file (type png)
 <use current3.png>
Package pdftex.def Info: current3.png used on input line 432.
(pdftex.def)             Requested size: 175.49881pt x 142.05135pt.

<current4.png, id=174, 669.50125pt x 533.995pt>
File: current4.png Graphic file (type png)
 <use current4.png>
Package pdftex.def Info: current4.png used on input line 433.
(pdftex.def)             Requested size: 175.49881pt x 139.97615pt.
 [16 <./current1.png> <./current2.png> <./current3.png> <./current4.png>]
<IV.pdf, id=178, 587.19376pt x 442.65375pt>
File: IV.pdf Graphic file (type pdf)
 <use IV.pdf>
Package pdftex.def Info: IV.pdf used on input line 445.
(pdftex.def)             Requested size: 390.0pt x 293.99629pt.
 [17 <./IV.pdf>]
[18] (./chapter_6_seperate.bbl
Missing character: There is no √ in font cmr12!
Missing character: There is no ° in font cmr12!
Missing character: There is no ≈ in font cmr12!
Missing character: There is no ° in font cmr12!
Missing character: There is no √ in font cmr12!
Missing character: There is no ° in font cmr12!
Missing character: There is no √ in font cmr12!
Missing character: There is no Ω in font cmr12!
 [19]
Missing character: There is no ‚ in font cmr12!
Missing character: There is no Ä in font cmr12!
Missing character: There is no ê in font cmr12!
)

Package natbib Warning: There were undefined citations.

[20] (./chapter_6_seperate.aux)

LaTeX Warning: There were undefined references.


LaTeX Warning: There were multiply-defined labels.

 )
(\end occurred inside a group at level 1)

### simple group (level 1) entered at line 1061 ({)
### bottom level 
Here is how much of TeX's memory you used:
 6446 strings out of 493042
 96130 string characters out of 6134667
 182472 words of memory out of 5000000
 9855 multiletter control sequences out of 15000+600000
 10190 words of font info for 39 fonts, out of 8000000 for 9000
 1141 hyphenation exceptions out of 8191
 38i,12n,38p,3236b,1989s stack positions out of 5000i,500n,10000p,200000b,80000s
</usr/local/texlive/2015/texmf-dist/fonts/type1/public/amsfonts
/cm/cmbx12.pfb></usr/local/texlive/2015/texmf-dist/fonts/type1/public/amsfonts/
cm/cmex10.pfb></usr/local/texlive/2015/texmf-dist/fonts/type1/public/amsfonts/c
m/cmmi12.pfb></usr/local/texlive/2015/texmf-dist/fonts/type1/public/amsfonts/cm
/cmmi6.pfb></usr/local/texlive/2015/texmf-dist/fonts/type1/public/amsfonts/cm/c
mmi8.pfb></usr/local/texlive/2015/texmf-dist/fonts/type1/public/amsfonts/cm/cmr
12.pfb></usr/local/texlive/2015/texmf-dist/fonts/type1/public/amsfonts/cm/cmr8.
pfb></usr/local/texlive/2015/texmf-dist/fonts/type1/public/amsfonts/cm/cmsy10.p
fb></usr/local/texlive/2015/texmf-dist/fonts/type1/public/amsfonts/cm/cmsy8.pfb
></usr/local/texlive/2015/texmf-dist/fonts/type1/public/amsfonts/cm/cmti12.pfb>

Output written on chapter_6_seperate.pdf (20 pages, 1166115 bytes).
PDF statistics:
 263 PDF objects out of 1000 (max. 8388607)
 135 compressed objects within 2 object streams
 0 named destinations out of 1000 (max. 500000)
 96 words of extra memory for PDF output out of 10000 (max. 10000000)

